2023-11-07 00:14:48.791 [info] Log level: Info
2023-11-07 00:14:48.791 [info] Validating found git in: "git"
2023-11-07 00:14:48.791 [info] Using git "2.34.1" from "git"
2023-11-07 00:14:48.791 [info] > git rev-parse --show-toplevel [63ms]
2023-11-07 00:14:48.791 [info] > git rev-parse --git-dir --git-common-dir [126ms]
2023-11-07 00:14:48.791 [info] Open repository: /home/btsalwa
2023-11-07 00:14:48.791 [info] > git rev-parse --show-toplevel [57ms]
2023-11-07 00:14:48.791 [info] > git config --get commit.template [80ms]
2023-11-07 00:14:48.825 [info] > git for-each-ref --format=%(refname)%00%(upstream:short)%00%(objectname)%00%(upstream:track)%00%(upstream:remotename)%00%(upstream:remoteref) refs/heads/master refs/remotes/master [12ms]
2023-11-07 00:14:48.906 [info] > git status -z -uall [66ms]
2023-11-07 00:14:49.453 [info] > git config --get commit.template [420ms]
2023-11-07 00:14:49.477 [info] > git check-ignore -v -z --stdin [7ms]
2023-11-07 00:14:49.496 [info] > git for-each-ref --format=%(refname)%00%(upstream:short)%00%(objectname)%00%(upstream:track)%00%(upstream:remotename)%00%(upstream:remoteref) refs/heads/master refs/remotes/master [3ms]
2023-11-07 00:14:49.537 [info] > git status -z -uall [29ms]
2023-11-07 00:14:49.644 [info] > git show --textconv :filestack/styles.css [45ms]
2023-11-07 00:14:49.651 [info] > git ls-files --stage -- /home/btsalwa/filestack/styles.css [48ms]
2023-11-07 00:14:49.893 [info] > git cat-file -s e69de29bb2d1d6434b8b29ae775ad8c2e48c5391 [238ms]
2023-11-07 00:14:51.451 [info] > git check-ignore -v -z --stdin [1ms]
2023-11-07 00:14:52.550 [info] > git config --get commit.template [7ms]
2023-11-07 00:14:52.550 [info] > git for-each-ref --format=%(refname)%00%(upstream:short)%00%(objectname)%00%(upstream:track)%00%(upstream:remotename)%00%(upstream:remoteref) refs/heads/master refs/remotes/master [2ms]
2023-11-07 00:14:52.561 [info] > git status -z -uall [6ms]
2023-11-07 00:14:53.390 [info] > git check-ignore -v -z --stdin [2ms]
2023-11-07 00:14:57.589 [info] > git config --get commit.template [2ms]
2023-11-07 00:14:57.598 [info] > git for-each-ref --format=%(refname)%00%(upstream:short)%00%(objectname)%00%(upstream:track)%00%(upstream:remotename)%00%(upstream:remoteref) refs/heads/master refs/remotes/master [1ms]
2023-11-07 00:14:57.611 [info] > git status -z -uall [7ms]
2023-11-07 00:15:02.634 [info] > git config --get commit.template [1ms]
2023-11-07 00:15:02.640 [info] > git for-each-ref --format=%(refname)%00%(upstream:short)%00%(objectname)%00%(upstream:track)%00%(upstream:remotename)%00%(upstream:remoteref) refs/heads/master refs/remotes/master [1ms]
2023-11-07 00:15:02.652 [info] > git status -z -uall [7ms]
2023-11-07 00:15:04.308 [info] > git check-ignore -v -z --stdin [1ms]
2023-11-07 00:15:05.713 [info] > git check-ignore -v -z --stdin [3ms]
2023-11-07 00:15:07.690 [info] > git config --get commit.template [2ms]
2023-11-07 00:15:07.701 [info] > git for-each-ref --format=%(refname)%00%(upstream:short)%00%(objectname)%00%(upstream:track)%00%(upstream:remotename)%00%(upstream:remoteref) refs/heads/master refs/remotes/master [1ms]
2023-11-07 00:15:07.714 [info] > git status -z -uall [7ms]
2023-11-07 00:15:10.864 [info] > git check-ignore -v -z --stdin [4ms]
2023-11-07 00:15:12.770 [info] > git config --get commit.template [12ms]
2023-11-07 00:15:12.771 [info] > git for-each-ref --format=%(refname)%00%(upstream:short)%00%(objectname)%00%(upstream:track)%00%(upstream:remotename)%00%(upstream:remoteref) refs/heads/master refs/remotes/master [2ms]
2023-11-07 00:15:12.788 [info] > git status -z -uall [8ms]
2023-11-07 00:15:14.175 [info] > git check-ignore -v -z --stdin [1ms]
2023-11-07 00:15:17.830 [info] > git config --get commit.template [2ms]
2023-11-07 00:15:17.841 [info] > git for-each-ref --format=%(refname)%00%(upstream:short)%00%(objectname)%00%(upstream:track)%00%(upstream:remotename)%00%(upstream:remoteref) refs/heads/master refs/remotes/master [2ms]
2023-11-07 00:15:17.855 [info] > git status -z -uall [6ms]
2023-11-07 00:15:23.594 [info] > git config --get commit.template [1ms]
2023-11-07 00:15:23.605 [info] > git for-each-ref --format=%(refname)%00%(upstream:short)%00%(objectname)%00%(upstream:track)%00%(upstream:remotename)%00%(upstream:remoteref) refs/heads/master refs/remotes/master [1ms]
2023-11-07 00:15:23.619 [info] > git status -z -uall [7ms]
2023-11-07 00:15:28.656 [info] > git config --get commit.template [1ms]
2023-11-07 00:15:28.666 [info] > git for-each-ref --format=%(refname)%00%(upstream:short)%00%(objectname)%00%(upstream:track)%00%(upstream:remotename)%00%(upstream:remoteref) refs/heads/master refs/remotes/master [1ms]
2023-11-07 00:15:28.680 [info] > git status -z -uall [7ms]
2023-11-07 00:15:33.722 [info] > git config --get commit.template [3ms]
2023-11-07 00:15:33.737 [info] > git for-each-ref --format=%(refname)%00%(upstream:short)%00%(objectname)%00%(upstream:track)%00%(upstream:remotename)%00%(upstream:remoteref) refs/heads/master refs/remotes/master [1ms]
2023-11-07 00:15:33.753 [info] > git status -z -uall [7ms]
2023-11-07 00:16:01.561 [info] > git config --get commit.template [1ms]
2023-11-07 00:16:01.569 [info] > git for-each-ref --format=%(refname)%00%(upstream:short)%00%(objectname)%00%(upstream:track)%00%(upstream:remotename)%00%(upstream:remoteref) refs/heads/master refs/remotes/master [2ms]
2023-11-07 00:16:01.586 [info] > git status -z -uall [7ms]
2023-11-07 00:16:06.618 [info] > git config --get commit.template [1ms]
2023-11-07 00:16:06.625 [info] > git for-each-ref --format=%(refname)%00%(upstream:short)%00%(objectname)%00%(upstream:track)%00%(upstream:remotename)%00%(upstream:remoteref) refs/heads/master refs/remotes/master [1ms]
2023-11-07 00:16:06.638 [info] > git status -z -uall [7ms]
2023-11-07 00:16:11.682 [info] > git config --get commit.template [10ms]
2023-11-07 00:16:11.683 [info] > git for-each-ref --format=%(refname)%00%(upstream:short)%00%(objectname)%00%(upstream:track)%00%(upstream:remotename)%00%(upstream:remoteref) refs/heads/master refs/remotes/master [2ms]
2023-11-07 00:16:11.696 [info] > git status -z -uall [7ms]
2023-11-07 00:16:16.746 [info] > git config --get commit.template [12ms]
2023-11-07 00:16:16.747 [info] > git for-each-ref --format=%(refname)%00%(upstream:short)%00%(objectname)%00%(upstream:track)%00%(upstream:remotename)%00%(upstream:remoteref) refs/heads/master refs/remotes/master [2ms]
2023-11-07 00:16:16.762 [info] > git status -z -uall [8ms]
2023-11-07 00:16:21.816 [info] > git config --get commit.template [12ms]
2023-11-07 00:16:21.817 [info] > git for-each-ref --format=%(refname)%00%(upstream:short)%00%(objectname)%00%(upstream:track)%00%(upstream:remotename)%00%(upstream:remoteref) refs/heads/master refs/remotes/master [2ms]
2023-11-07 00:16:21.831 [info] > git status -z -uall [8ms]
2023-11-07 00:16:26.888 [info] > git config --get commit.template [16ms]
2023-11-07 00:16:26.888 [info] > git for-each-ref --format=%(refname)%00%(upstream:short)%00%(objectname)%00%(upstream:track)%00%(upstream:remotename)%00%(upstream:remoteref) refs/heads/master refs/remotes/master [2ms]
2023-11-07 00:16:26.904 [info] > git status -z -uall [7ms]
2023-11-07 00:16:31.944 [info] > git config --get commit.template [3ms]
2023-11-07 00:16:31.961 [info] > git for-each-ref --format=%(refname)%00%(upstream:short)%00%(objectname)%00%(upstream:track)%00%(upstream:remotename)%00%(upstream:remoteref) refs/heads/master refs/remotes/master [2ms]
2023-11-07 00:16:31.976 [info] > git status -z -uall [7ms]
2023-11-07 00:16:38.619 [info] > git config --get commit.template [1ms]
2023-11-07 00:16:38.624 [info] > git for-each-ref --format=%(refname)%00%(upstream:short)%00%(objectname)%00%(upstream:track)%00%(upstream:remotename)%00%(upstream:remoteref) refs/heads/master refs/remotes/master [1ms]
2023-11-07 00:16:38.638 [info] > git status -z -uall [5ms]
2023-11-07 00:16:43.692 [info] > git config --get commit.template [14ms]
2023-11-07 00:16:43.693 [info] > git for-each-ref --format=%(refname)%00%(upstream:short)%00%(objectname)%00%(upstream:track)%00%(upstream:remotename)%00%(upstream:remoteref) refs/heads/master refs/remotes/master [3ms]
2023-11-07 00:16:43.710 [info] > git status -z -uall [9ms]
2023-11-07 00:16:48.763 [info] > git config --get commit.template [12ms]
2023-11-07 00:16:48.764 [info] > git for-each-ref --format=%(refname)%00%(upstream:short)%00%(objectname)%00%(upstream:track)%00%(upstream:remotename)%00%(upstream:remoteref) refs/heads/master refs/remotes/master [2ms]
2023-11-07 00:16:48.778 [info] > git status -z -uall [7ms]
2023-11-07 00:16:52.039 [info] > git show --textconv :filestack/index.js [7ms]
2023-11-07 00:16:52.039 [info] > git ls-files --stage -- /home/btsalwa/filestack/index.js [1ms]
2023-11-07 00:16:52.047 [info] > git cat-file -s e69de29bb2d1d6434b8b29ae775ad8c2e48c5391 [1ms]
2023-11-07 00:16:53.817 [info] > git config --get commit.template [1ms]
2023-11-07 00:16:53.826 [info] > git for-each-ref --format=%(refname)%00%(upstream:short)%00%(objectname)%00%(upstream:track)%00%(upstream:remotename)%00%(upstream:remoteref) refs/heads/master refs/remotes/master [2ms]
2023-11-07 00:16:53.838 [info] > git status -z -uall [6ms]
2023-11-07 00:16:54.453 [info] > git show --textconv :filestack/index.html [6ms]
2023-11-07 00:16:54.454 [info] > git ls-files --stage -- /home/btsalwa/filestack/index.html [1ms]
2023-11-07 00:16:54.460 [info] > git cat-file -s e69de29bb2d1d6434b8b29ae775ad8c2e48c5391 [1ms]
2023-11-07 00:16:59.650 [info] > git config --get commit.template [13ms]
2023-11-07 00:16:59.651 [info] > git for-each-ref --format=%(refname)%00%(upstream:short)%00%(objectname)%00%(upstream:track)%00%(upstream:remotename)%00%(upstream:remoteref) refs/heads/master refs/remotes/master [2ms]
2023-11-07 00:16:59.663 [info] > git status -z -uall [6ms]
2023-11-07 00:17:26.243 [info] > git config --get commit.template [2ms]
2023-11-07 00:17:26.252 [info] > git for-each-ref --format=%(refname)%00%(upstream:short)%00%(objectname)%00%(upstream:track)%00%(upstream:remotename)%00%(upstream:remoteref) refs/heads/master refs/remotes/master [1ms]
2023-11-07 00:17:26.270 [info] > git status -z -uall [10ms]
2023-11-07 00:17:28.586 [info] > git show --textconv :filestack/index.js [7ms]
2023-11-07 00:17:28.587 [info] > git ls-files --stage -- /home/btsalwa/filestack/index.js [2ms]
2023-11-07 00:17:28.594 [info] > git cat-file -s e69de29bb2d1d6434b8b29ae775ad8c2e48c5391 [0ms]
2023-11-07 00:17:31.318 [info] > git config --get commit.template [4ms]
2023-11-07 00:17:31.329 [info] > git for-each-ref --format=%(refname)%00%(upstream:short)%00%(objectname)%00%(upstream:track)%00%(upstream:remotename)%00%(upstream:remoteref) refs/heads/master refs/remotes/master [1ms]
2023-11-07 00:17:31.344 [info] > git status -z -uall [8ms]
2023-11-07 00:17:41.678 [info] > git config --get commit.template [3ms]
2023-11-07 00:17:41.688 [info] > git for-each-ref --format=%(refname)%00%(upstream:short)%00%(objectname)%00%(upstream:track)%00%(upstream:remotename)%00%(upstream:remoteref) refs/heads/master refs/remotes/master [1ms]
2023-11-07 00:17:41.701 [info] > git status -z -uall [7ms]
2023-11-07 00:17:46.762 [info] > git config --get commit.template [14ms]
2023-11-07 00:17:46.763 [info] > git for-each-ref --format=%(refname)%00%(upstream:short)%00%(objectname)%00%(upstream:track)%00%(upstream:remotename)%00%(upstream:remoteref) refs/heads/master refs/remotes/master [2ms]
2023-11-07 00:17:46.778 [info] > git status -z -uall [8ms]
2023-11-07 00:17:50.686 [info] > git add -A -- . [3206ms]
2023-11-07 00:17:50.754 [info] > git -c user.useConfigOnly=true commit --quiet --allow-empty-message --file - [63ms]
2023-11-07 00:17:50.758 [info] > git config --get commit.template [0ms]
2023-11-07 00:17:50.766 [info] > git config --get commit.template [0ms]
2023-11-07 00:17:50.770 [info] > git for-each-ref --format=%(refname)%00%(upstream:short)%00%(objectname)%00%(upstream:track)%00%(upstream:remotename)%00%(upstream:remoteref) refs/heads/master refs/remotes/master [0ms]
2023-11-07 00:17:50.780 [info] > git status -z -uall [5ms]
2023-11-07 00:17:50.997 [info] > git config --get commit.template [3ms]
2023-11-07 00:17:51.005 [info] > git for-each-ref --format=%(refname)%00%(upstream:short)%00%(objectname)%00%(upstream:track)%00%(upstream:remotename)%00%(upstream:remoteref) refs/heads/master refs/remotes/master [1ms]
2023-11-07 00:17:51.018 [info] > git status -z -uall [7ms]
2023-11-07 00:17:51.668 [info] > git check-ignore -v -z --stdin [3ms]
2023-11-07 00:17:51.822 [info] > git config --get commit.template [4ms]
2023-11-07 00:17:51.834 [info] > git for-each-ref --format=%(refname)%00%(upstream:short)%00%(objectname)%00%(upstream:track)%00%(upstream:remotename)%00%(upstream:remoteref) refs/heads/master refs/remotes/master [2ms]
2023-11-07 00:17:51.850 [info] > git status -z -uall [8ms]
2023-11-07 00:17:52.107 [info] > git ls-files --stage -- /home/btsalwa/filestack/index.js [1ms]
2023-11-07 00:17:52.115 [info] > git cat-file -s 6e894b283bff2c7f456e3b0b7ac940edbc38b364 [1ms]
2023-11-07 00:17:52.127 [info] > git show --textconv :filestack/index.js [1ms]
2023-11-07 00:17:56.886 [info] > git config --get commit.template [12ms]
2023-11-07 00:17:56.887 [info] > git for-each-ref --format=%(refname)%00%(upstream:short)%00%(objectname)%00%(upstream:track)%00%(upstream:remotename)%00%(upstream:remoteref) refs/heads/master refs/remotes/master [2ms]
2023-11-07 00:17:56.902 [info] > git status -z -uall [7ms]
2023-11-07 00:18:01.940 [info] > git config --get commit.template [10ms]
2023-11-07 00:18:01.940 [info] > git for-each-ref --format=%(refname)%00%(upstream:short)%00%(objectname)%00%(upstream:track)%00%(upstream:remotename)%00%(upstream:remoteref) refs/heads/master refs/remotes/master [1ms]
2023-11-07 00:18:01.953 [info] > git status -z -uall [6ms]
2023-11-07 00:18:04.804 [info] > git add -A -- . [15ms]
2023-11-07 00:18:05.179 [info] > git show --textconv :.git/COMMIT_EDITMSG [7ms]
2023-11-07 00:18:05.181 [info] > git ls-files --stage -- /home/btsalwa/.git/COMMIT_EDITMSG [2ms]
2023-11-07 00:18:05.468 [info] > git check-ignore -v -z --stdin [1ms]
2023-11-07 00:18:06.132 [info] > git ls-files --stage -- /home/btsalwa/.git/COMMIT_EDITMSG [4ms]
2023-11-07 00:18:06.147 [info] > git show --textconv :.git/COMMIT_EDITMSG [1ms]
2023-11-07 00:18:40.591 [info] > git show --textconv :filestack/index.js [7ms]
2023-11-07 00:18:40.592 [info] > git ls-files --stage -- /home/btsalwa/filestack/index.js [2ms]
2023-11-07 00:18:40.600 [info] > git cat-file -s 6e894b283bff2c7f456e3b0b7ac940edbc38b364 [1ms]
2023-11-07 00:18:42.149 [info] > git show --textconv :.git/COMMIT_EDITMSG [5ms]
2023-11-07 00:18:42.150 [info] > git ls-files --stage -- /home/btsalwa/.git/COMMIT_EDITMSG [1ms]
2023-11-07 00:19:27.035 [info] > git check-ignore -v -z --stdin [1ms]
2023-11-07 00:19:51.837 [info] > git check-ignore -v -z --stdin [2ms]
2023-11-07 00:20:04.431 [info] > git -c user.useConfigOnly=true commit --quiet [119619ms]
2023-11-07 00:20:04.431 [info] Aborting commit due to empty commit message.
2023-11-07 00:20:04.442 [info] > git config --get commit.template [1ms]
2023-11-07 00:20:04.449 [info] > git for-each-ref --format=%(refname)%00%(upstream:short)%00%(objectname)%00%(upstream:track)%00%(upstream:remotename)%00%(upstream:remoteref) refs/heads/master refs/remotes/master [1ms]
2023-11-07 00:20:04.463 [info] > git status -z -uall [6ms]
2023-11-07 00:20:04.479 [info] > git config --get commit.template [0ms]
2023-11-07 00:20:04.487 [info] > git for-each-ref --format=%(refname)%00%(upstream:short)%00%(objectname)%00%(upstream:track)%00%(upstream:remotename)%00%(upstream:remoteref) refs/heads/master refs/remotes/master [2ms]
2023-11-07 00:20:04.502 [info] > git status -z -uall [7ms]
2023-11-07 00:20:04.870 [info] > git show --textconv :filestack/index.js [8ms]
2023-11-07 00:20:04.871 [info] > git ls-files --stage -- /home/btsalwa/filestack/index.js [2ms]
2023-11-07 00:20:04.876 [info] > git cat-file -s 6e894b283bff2c7f456e3b0b7ac940edbc38b364 [1ms]
2023-11-07 00:20:09.515 [info] > git config --get commit.template [1ms]
2023-11-07 00:20:09.522 [info] > git for-each-ref --format=%(refname)%00%(upstream:short)%00%(objectname)%00%(upstream:track)%00%(upstream:remotename)%00%(upstream:remoteref) refs/heads/master refs/remotes/master [2ms]
2023-11-07 00:20:09.535 [info] > git status -z -uall [7ms]
2023-11-07 00:20:14.548 [info] > git config --get commit.template [2ms]
2023-11-07 00:20:14.559 [info] > git for-each-ref --format=%(refname)%00%(upstream:short)%00%(objectname)%00%(upstream:track)%00%(upstream:remotename)%00%(upstream:remoteref) refs/heads/master refs/remotes/master [2ms]
2023-11-07 00:20:14.572 [info] > git status -z -uall [6ms]
2023-11-07 00:20:19.581 [info] > git config --get commit.template [0ms]
2023-11-07 00:20:19.587 [info] > git for-each-ref --format=%(refname)%00%(upstream:short)%00%(objectname)%00%(upstream:track)%00%(upstream:remotename)%00%(upstream:remoteref) refs/heads/master refs/remotes/master [1ms]
2023-11-07 00:20:19.595 [info] > git status -z -uall [5ms]
2023-11-07 00:20:24.632 [info] > git config --get commit.template [13ms]
2023-11-07 00:20:24.633 [info] > git for-each-ref --format=%(refname)%00%(upstream:short)%00%(objectname)%00%(upstream:track)%00%(upstream:remotename)%00%(upstream:remoteref) refs/heads/master refs/remotes/master [2ms]
2023-11-07 00:20:24.650 [info] > git status -z -uall [10ms]
2023-11-07 00:20:29.678 [info] > git config --get commit.template [4ms]
2023-11-07 00:20:29.688 [info] > git for-each-ref --format=%(refname)%00%(upstream:short)%00%(objectname)%00%(upstream:track)%00%(upstream:remotename)%00%(upstream:remoteref) refs/heads/master refs/remotes/master [2ms]
2023-11-07 00:20:29.700 [info] > git status -z -uall [6ms]
2023-11-07 00:20:34.735 [info] > git config --get commit.template [13ms]
2023-11-07 00:20:34.736 [info] > git for-each-ref --format=%(refname)%00%(upstream:short)%00%(objectname)%00%(upstream:track)%00%(upstream:remotename)%00%(upstream:remoteref) refs/heads/master refs/remotes/master [2ms]
2023-11-07 00:20:34.748 [info] > git status -z -uall [6ms]
2023-11-07 00:20:39.653 [info] > git -c user.useConfigOnly=true commit --quiet --allow-empty-message --file - [14ms]
2023-11-07 00:20:39.659 [info] > git config --get commit.template [1ms]
2023-11-07 00:20:39.667 [info] > git config --get commit.template [1ms]
2023-11-07 00:20:39.673 [info] > git for-each-ref --format=%(refname)%00%(upstream:short)%00%(objectname)%00%(upstream:track)%00%(upstream:remotename)%00%(upstream:remoteref) refs/heads/master refs/remotes/master [0ms]
2023-11-07 00:20:39.682 [info] > git status -z -uall [5ms]
2023-11-07 00:20:39.798 [info] > git config --get commit.template [4ms]
2023-11-07 00:20:39.807 [info] > git for-each-ref --format=%(refname)%00%(upstream:short)%00%(objectname)%00%(upstream:track)%00%(upstream:remotename)%00%(upstream:remoteref) refs/heads/master refs/remotes/master [1ms]
2023-11-07 00:20:39.823 [info] > git status -z -uall [5ms]
2023-11-07 00:20:39.841 [info] > git config --get commit.template [5ms]
2023-11-07 00:20:39.841 [info] > git for-each-ref --format=%(refname)%00%(upstream:short)%00%(objectname)%00%(upstream:track)%00%(upstream:remotename)%00%(upstream:remoteref) refs/heads/master refs/remotes/master [1ms]
2023-11-07 00:20:39.851 [info] > git status -z -uall [6ms]
2023-11-07 00:20:41.043 [info] > git ls-files --stage -- /home/btsalwa/filestack/index.js [3ms]
2023-11-07 00:20:41.055 [info] > git cat-file -s 6e894b283bff2c7f456e3b0b7ac940edbc38b364 [2ms]
2023-11-07 00:20:41.071 [info] > git show --textconv :filestack/index.js [2ms]
2023-11-07 00:20:44.862 [info] > git config --get commit.template [1ms]
2023-11-07 00:20:44.870 [info] > git for-each-ref --format=%(refname)%00%(upstream:short)%00%(objectname)%00%(upstream:track)%00%(upstream:remotename)%00%(upstream:remoteref) refs/heads/master refs/remotes/master [1ms]
2023-11-07 00:20:44.881 [info] > git status -z -uall [6ms]
2023-11-07 00:20:49.907 [info] > git config --get commit.template [6ms]
2023-11-07 00:20:49.920 [info] > git for-each-ref --format=%(refname)%00%(upstream:short)%00%(objectname)%00%(upstream:track)%00%(upstream:remotename)%00%(upstream:remoteref) refs/heads/master refs/remotes/master [1ms]
2023-11-07 00:20:49.933 [info] > git status -z -uall [6ms]
2023-11-07 00:20:54.967 [info] > git config --get commit.template [11ms]
2023-11-07 00:20:54.967 [info] > git for-each-ref --format=%(refname)%00%(upstream:short)%00%(objectname)%00%(upstream:track)%00%(upstream:remotename)%00%(upstream:remoteref) refs/heads/master refs/remotes/master [1ms]
2023-11-07 00:20:54.979 [info] > git status -z -uall [6ms]
2023-11-07 00:20:58.604 [info] > git add -A -- . [11ms]
2023-11-07 00:20:58.619 [info] > git -c user.useConfigOnly=true commit --quiet --allow-empty-message --file - [9ms]
2023-11-07 00:20:58.624 [info] > git config --get commit.template [1ms]
2023-11-07 00:20:58.636 [info] > git config --get commit.template [6ms]
2023-11-07 00:20:58.636 [info] > git for-each-ref --format=%(refname)%00%(upstream:short)%00%(objectname)%00%(upstream:track)%00%(upstream:remotename)%00%(upstream:remoteref) refs/heads/master refs/remotes/master [1ms]
2023-11-07 00:20:58.647 [info] > git status -z -uall [5ms]
2023-11-07 00:20:58.748 [info] > git config --get commit.template [1ms]
2023-11-07 00:20:58.753 [info] > git for-each-ref --format=%(refname)%00%(upstream:short)%00%(objectname)%00%(upstream:track)%00%(upstream:remotename)%00%(upstream:remoteref) refs/heads/master refs/remotes/master [0ms]
2023-11-07 00:20:58.763 [info] > git status -z -uall [5ms]
2023-11-07 00:20:59.957 [info] > git ls-files --stage -- /home/btsalwa/filestack/index.js [3ms]
2023-11-07 00:20:59.966 [info] > git cat-file -s 6e894b283bff2c7f456e3b0b7ac940edbc38b364 [1ms]
2023-11-07 00:20:59.979 [info] > git show --textconv :filestack/index.js [1ms]
2023-11-07 00:20:59.990 [info] > git config --get commit.template [1ms]
2023-11-07 00:20:59.997 [info] > git for-each-ref --format=%(refname)%00%(upstream:short)%00%(objectname)%00%(upstream:track)%00%(upstream:remotename)%00%(upstream:remoteref) refs/heads/master refs/remotes/master [1ms]
2023-11-07 00:21:00.007 [info] > git status -z -uall [6ms]
2023-11-07 00:21:05.042 [info] > git config --get commit.template [13ms]
2023-11-07 00:21:05.043 [info] > git for-each-ref --format=%(refname)%00%(upstream:short)%00%(objectname)%00%(upstream:track)%00%(upstream:remotename)%00%(upstream:remoteref) refs/heads/master refs/remotes/master [2ms]
2023-11-07 00:21:05.056 [info] > git status -z -uall [6ms]
2023-11-07 00:21:10.097 [info] > git config --get commit.template [18ms]
2023-11-07 00:21:10.098 [info] > git for-each-ref --format=%(refname)%00%(upstream:short)%00%(objectname)%00%(upstream:track)%00%(upstream:remotename)%00%(upstream:remoteref) refs/heads/master refs/remotes/master [2ms]
2023-11-07 00:21:10.113 [info] > git status -z -uall [8ms]
2023-11-07 00:21:15.137 [info] > git config --get commit.template [2ms]
2023-11-07 00:21:15.145 [info] > git for-each-ref --format=%(refname)%00%(upstream:short)%00%(objectname)%00%(upstream:track)%00%(upstream:remotename)%00%(upstream:remoteref) refs/heads/master refs/remotes/master [1ms]
2023-11-07 00:21:15.159 [info] > git status -z -uall [7ms]
2023-11-07 00:21:20.180 [info] > git config --get commit.template [1ms]
2023-11-07 00:21:20.188 [info] > git for-each-ref --format=%(refname)%00%(upstream:short)%00%(objectname)%00%(upstream:track)%00%(upstream:remotename)%00%(upstream:remoteref) refs/heads/master refs/remotes/master [1ms]
2023-11-07 00:21:20.202 [info] > git status -z -uall [7ms]
2023-11-07 00:21:20.417 [info] > git add -A -- . [12ms]
2023-11-07 00:21:20.439 [info] > git -c user.useConfigOnly=true commit --quiet --allow-empty-message --file - [10ms]
2023-11-07 00:21:20.448 [info] > git config --get commit.template [1ms]
2023-11-07 00:21:20.458 [info] > git config --get commit.template [2ms]
2023-11-07 00:21:20.465 [info] > git for-each-ref --format=%(refname)%00%(upstream:short)%00%(objectname)%00%(upstream:track)%00%(upstream:remotename)%00%(upstream:remoteref) refs/heads/master refs/remotes/master [1ms]
2023-11-07 00:21:20.478 [info] > git status -z -uall [5ms]
2023-11-07 00:21:20.582 [info] > git config --get commit.template [2ms]
2023-11-07 00:21:20.592 [info] > git for-each-ref --format=%(refname)%00%(upstream:short)%00%(objectname)%00%(upstream:track)%00%(upstream:remotename)%00%(upstream:remoteref) refs/heads/master refs/remotes/master [1ms]
2023-11-07 00:21:20.604 [info] > git status -z -uall [6ms]
2023-11-07 00:21:21.763 [info] > git ls-files --stage -- /home/btsalwa/filestack/index.js [1ms]
2023-11-07 00:21:21.768 [info] > git cat-file -s 6e894b283bff2c7f456e3b0b7ac940edbc38b364 [0ms]
2023-11-07 00:21:21.778 [info] > git show --textconv :filestack/index.js [1ms]
2023-11-07 00:21:22.671 [info] > git show --textconv HEAD:.vscode-server/data/logs/20231107T001443/exthost1/vscode.git/Git.log [9ms]
2023-11-07 00:21:22.673 [info] > git ls-tree -l HEAD -- /home/btsalwa/.vscode-server/data/logs/20231107T001443/exthost1/vscode.git/Git.log [3ms]
2023-11-07 00:21:23.180 [info] > git check-ignore -v -z --stdin [1ms]
2023-11-07 00:21:25.239 [info] > git config --get commit.template [14ms]
2023-11-07 00:21:25.240 [info] > git for-each-ref --format=%(refname)%00%(upstream:short)%00%(objectname)%00%(upstream:track)%00%(upstream:remotename)%00%(upstream:remoteref) refs/heads/master refs/remotes/master [1ms]
2023-11-07 00:21:25.252 [info] > git status -z -uall [6ms]
2023-11-07 00:21:30.264 [info] > git config --get commit.template [1ms]
2023-11-07 00:21:30.272 [info] > git for-each-ref --format=%(refname)%00%(upstream:short)%00%(objectname)%00%(upstream:track)%00%(upstream:remotename)%00%(upstream:remoteref) refs/heads/master refs/remotes/master [1ms]
2023-11-07 00:21:30.287 [info] > git status -z -uall [8ms]
2023-11-07 00:21:34.362 [info] > git show --textconv :filestack/index.html [6ms]
2023-11-07 00:21:34.364 [info] > git ls-files --stage -- /home/btsalwa/filestack/index.html [3ms]
2023-11-07 00:21:34.370 [info] > git cat-file -s a4bdef5706b251224a2ecf2dc80856be7111f0aa [1ms]
2023-11-07 00:21:35.312 [info] > git config --get commit.template [9ms]
2023-11-07 00:21:35.313 [info] > git for-each-ref --format=%(refname)%00%(upstream:short)%00%(objectname)%00%(upstream:track)%00%(upstream:remotename)%00%(upstream:remoteref) refs/heads/master refs/remotes/master [2ms]
2023-11-07 00:21:35.325 [info] > git status -z -uall [6ms]
2023-11-07 00:21:40.344 [info] > git config --get commit.template [1ms]
2023-11-07 00:21:40.352 [info] > git for-each-ref --format=%(refname)%00%(upstream:short)%00%(objectname)%00%(upstream:track)%00%(upstream:remotename)%00%(upstream:remoteref) refs/heads/master refs/remotes/master [1ms]
2023-11-07 00:21:40.364 [info] > git status -z -uall [6ms]
2023-11-07 00:21:45.398 [info] > git config --get commit.template [6ms]
2023-11-07 00:21:45.406 [info] > git for-each-ref --format=%(refname)%00%(upstream:short)%00%(objectname)%00%(upstream:track)%00%(upstream:remotename)%00%(upstream:remoteref) refs/heads/master refs/remotes/master [1ms]
2023-11-07 00:21:45.420 [info] > git status -z -uall [7ms]
2023-11-07 00:21:50.455 [info] > git config --get commit.template [11ms]
2023-11-07 00:21:50.456 [info] > git for-each-ref --format=%(refname)%00%(upstream:short)%00%(objectname)%00%(upstream:track)%00%(upstream:remotename)%00%(upstream:remoteref) refs/heads/master refs/remotes/master [1ms]
2023-11-07 00:21:50.470 [info] > git status -z -uall [6ms]
2023-11-07 00:21:55.478 [info] > git config --get commit.template [1ms]
2023-11-07 00:21:55.484 [info] > git for-each-ref --format=%(refname)%00%(upstream:short)%00%(objectname)%00%(upstream:track)%00%(upstream:remotename)%00%(upstream:remoteref) refs/heads/master refs/remotes/master [1ms]
2023-11-07 00:21:55.498 [info] > git status -z -uall [8ms]
2023-11-07 00:22:00.889 [info] > git config --get commit.template [2ms]
2023-11-07 00:22:00.898 [info] > git for-each-ref --format=%(refname)%00%(upstream:short)%00%(objectname)%00%(upstream:track)%00%(upstream:remotename)%00%(upstream:remoteref) refs/heads/master refs/remotes/master [1ms]
2023-11-07 00:22:00.926 [info] > git status -z -uall [23ms]
2023-11-07 00:22:03.639 [info] > git check-ignore -v -z --stdin [2ms]
2023-11-07 00:22:06.007 [info] > git config --get commit.template [10ms]
2023-11-07 00:22:06.007 [info] > git for-each-ref --format=%(refname)%00%(upstream:short)%00%(objectname)%00%(upstream:track)%00%(upstream:remotename)%00%(upstream:remoteref) refs/heads/master refs/remotes/master [1ms]
2023-11-07 00:22:06.036 [info] > git status -z -uall [22ms]
2023-11-07 00:22:11.114 [info] > git config --get commit.template [2ms]
2023-11-07 00:22:11.125 [info] > git for-each-ref --format=%(refname)%00%(upstream:short)%00%(objectname)%00%(upstream:track)%00%(upstream:remotename)%00%(upstream:remoteref) refs/heads/master refs/remotes/master [1ms]
2023-11-07 00:22:11.153 [info] > git status -z -uall [21ms]
2023-11-07 00:22:16.216 [info] > git config --get commit.template [1ms]
2023-11-07 00:22:16.223 [info] > git for-each-ref --format=%(refname)%00%(upstream:short)%00%(objectname)%00%(upstream:track)%00%(upstream:remotename)%00%(upstream:remoteref) refs/heads/master refs/remotes/master [1ms]
2023-11-07 00:22:16.249 [info] > git status -z -uall [18ms]
2023-11-07 00:22:18.531 [info] > git add -A -- . [788ms]
2023-11-07 00:22:18.637 [info] > git -c user.useConfigOnly=true commit --quiet --allow-empty-message --file - [98ms]
2023-11-07 00:22:18.643 [info] > git config --get commit.template [1ms]
2023-11-07 00:22:18.652 [info] > git config --get commit.template [1ms]
2023-11-07 00:22:18.660 [info] > git for-each-ref --format=%(refname)%00%(upstream:short)%00%(objectname)%00%(upstream:track)%00%(upstream:remotename)%00%(upstream:remoteref) refs/heads/master refs/remotes/master [1ms]
2023-11-07 00:22:18.681 [info] > git status -z -uall [16ms]
2023-11-07 00:22:19.152 [info] > git config --get commit.template [2ms]
2023-11-07 00:22:19.165 [info] > git for-each-ref --format=%(refname)%00%(upstream:short)%00%(objectname)%00%(upstream:track)%00%(upstream:remotename)%00%(upstream:remoteref) refs/heads/master refs/remotes/master [2ms]
2023-11-07 00:22:19.189 [info] > git status -z -uall [17ms]
2023-11-07 00:22:21.320 [info] > git config --get commit.template [1ms]
2023-11-07 00:22:21.332 [info] > git for-each-ref --format=%(refname)%00%(upstream:short)%00%(objectname)%00%(upstream:track)%00%(upstream:remotename)%00%(upstream:remoteref) refs/heads/master refs/remotes/master [1ms]
2023-11-07 00:22:21.360 [info] > git status -z -uall [19ms]
2023-11-07 00:22:26.377 [info] > git config --get commit.template [2ms]
2023-11-07 00:22:26.386 [info] > git for-each-ref --format=%(refname)%00%(upstream:short)%00%(objectname)%00%(upstream:track)%00%(upstream:remotename)%00%(upstream:remoteref) refs/heads/master refs/remotes/master [1ms]
2023-11-07 00:22:26.411 [info] > git status -z -uall [18ms]
2023-11-07 00:22:31.448 [info] > git config --get commit.template [20ms]
2023-11-07 00:22:31.450 [info] > git for-each-ref --format=%(refname)%00%(upstream:short)%00%(objectname)%00%(upstream:track)%00%(upstream:remotename)%00%(upstream:remoteref) refs/heads/master refs/remotes/master [4ms]
2023-11-07 00:22:31.481 [info] > git status -z -uall [20ms]
2023-11-07 00:22:38.927 [info] > git config --get commit.template [2ms]
2023-11-07 00:22:38.935 [info] > git for-each-ref --format=%(refname)%00%(upstream:short)%00%(objectname)%00%(upstream:track)%00%(upstream:remotename)%00%(upstream:remoteref) refs/heads/master refs/remotes/master [1ms]
2023-11-07 00:22:38.957 [info] > git status -z -uall [16ms]
2023-11-07 00:23:09.736 [info] > git config --get commit.template [3ms]
2023-11-07 00:23:09.743 [info] > git for-each-ref --format=%(refname)%00%(upstream:short)%00%(objectname)%00%(upstream:track)%00%(upstream:remotename)%00%(upstream:remoteref) refs/heads/master refs/remotes/master [1ms]
2023-11-07 00:23:09.764 [info] > git status -z -uall [16ms]
2023-11-07 00:23:14.773 [info] > git config --get commit.template [0ms]
2023-11-07 00:23:14.778 [info] > git for-each-ref --format=%(refname)%00%(upstream:short)%00%(objectname)%00%(upstream:track)%00%(upstream:remotename)%00%(upstream:remoteref) refs/heads/master refs/remotes/master [1ms]
2023-11-07 00:23:14.796 [info] > git status -z -uall [14ms]
2023-11-07 00:23:17.541 [info] > git check-ignore -v -z --stdin [4ms]
2023-11-07 00:23:19.820 [info] > git config --get commit.template [2ms]
2023-11-07 00:23:19.829 [info] > git for-each-ref --format=%(refname)%00%(upstream:short)%00%(objectname)%00%(upstream:track)%00%(upstream:remotename)%00%(upstream:remoteref) refs/heads/master refs/remotes/master [1ms]
2023-11-07 00:23:19.853 [info] > git status -z -uall [18ms]
2023-11-07 00:23:24.867 [info] > git config --get commit.template [2ms]
2023-11-07 00:23:24.877 [info] > git for-each-ref --format=%(refname)%00%(upstream:short)%00%(objectname)%00%(upstream:track)%00%(upstream:remotename)%00%(upstream:remoteref) refs/heads/master refs/remotes/master [1ms]
2023-11-07 00:23:24.902 [info] > git status -z -uall [19ms]
2023-11-07 00:23:29.936 [info] > git config --get commit.template [11ms]
2023-11-07 00:23:29.936 [info] > git for-each-ref --format=%(refname)%00%(upstream:short)%00%(objectname)%00%(upstream:track)%00%(upstream:remotename)%00%(upstream:remoteref) refs/heads/master refs/remotes/master [2ms]
2023-11-07 00:23:29.962 [info] > git status -z -uall [19ms]
2023-11-07 00:23:32.136 [info] > git add -A -- . [405ms]
2023-11-07 00:23:32.156 [info] > git -c user.useConfigOnly=true commit --quiet --allow-empty-message --file - [15ms]
2023-11-07 00:23:32.161 [info] > git config --get commit.template [0ms]
2023-11-07 00:23:32.169 [info] > git config --get commit.template [1ms]
2023-11-07 00:23:32.175 [info] > git for-each-ref --format=%(refname)%00%(upstream:short)%00%(objectname)%00%(upstream:track)%00%(upstream:remotename)%00%(upstream:remoteref) refs/heads/master refs/remotes/master [1ms]
2023-11-07 00:23:32.193 [info] > git status -z -uall [14ms]
2023-11-07 00:23:32.299 [info] > git config --get commit.template [1ms]
2023-11-07 00:23:32.305 [info] > git for-each-ref --format=%(refname)%00%(upstream:short)%00%(objectname)%00%(upstream:track)%00%(upstream:remotename)%00%(upstream:remoteref) refs/heads/master refs/remotes/master [0ms]
2023-11-07 00:23:32.333 [info] > git status -z -uall [23ms]
2023-11-07 00:23:34.985 [info] > git config --get commit.template [2ms]
2023-11-07 00:23:35.000 [info] > git for-each-ref --format=%(refname)%00%(upstream:short)%00%(objectname)%00%(upstream:track)%00%(upstream:remotename)%00%(upstream:remoteref) refs/heads/master refs/remotes/master [2ms]
2023-11-07 00:23:35.020 [info] > git status -z -uall [15ms]
2023-11-07 00:23:39.168 [info] > git show --textconv :filestack/index.html [15ms]
2023-11-07 00:23:39.170 [info] > git ls-files --stage -- /home/btsalwa/filestack/index.html [4ms]
2023-11-07 00:23:39.180 [info] > git cat-file -s a4bdef5706b251224a2ecf2dc80856be7111f0aa [2ms]
2023-11-07 00:23:40.051 [info] > git config --get commit.template [11ms]
2023-11-07 00:23:40.052 [info] > git for-each-ref --format=%(refname)%00%(upstream:short)%00%(objectname)%00%(upstream:track)%00%(upstream:remotename)%00%(upstream:remoteref) refs/heads/master refs/remotes/master [1ms]
2023-11-07 00:23:40.077 [info] > git status -z -uall [19ms]
2023-11-07 00:23:40.701 [info] > git check-ignore -v -z --stdin [3ms]
2023-11-07 00:23:45.108 [info] > git config --get commit.template [11ms]
2023-11-07 00:23:45.109 [info] > git for-each-ref --format=%(refname)%00%(upstream:short)%00%(objectname)%00%(upstream:track)%00%(upstream:remotename)%00%(upstream:remoteref) refs/heads/master refs/remotes/master [2ms]
2023-11-07 00:23:45.134 [info] > git status -z -uall [19ms]
2023-11-07 00:23:45.750 [info] > git check-ignore -v -z --stdin [2ms]
2023-11-07 00:23:50.170 [info] > git config --get commit.template [10ms]
2023-11-07 00:23:50.170 [info] > git for-each-ref --format=%(refname)%00%(upstream:short)%00%(objectname)%00%(upstream:track)%00%(upstream:remotename)%00%(upstream:remoteref) refs/heads/master refs/remotes/master [1ms]
2023-11-07 00:23:50.211 [info] > git status -z -uall [32ms]
2023-11-07 00:23:56.510 [info] > git config --get commit.template [1ms]
2023-11-07 00:23:56.526 [info] > git for-each-ref --format=%(refname)%00%(upstream:short)%00%(objectname)%00%(upstream:track)%00%(upstream:remotename)%00%(upstream:remoteref) refs/heads/master refs/remotes/master [1ms]
2023-11-07 00:23:56.574 [info] > git status -z -uall [29ms]
2023-11-07 00:24:05.026 [info] > git config --get commit.template [1ms]
2023-11-07 00:24:05.036 [info] > git for-each-ref --format=%(refname)%00%(upstream:short)%00%(objectname)%00%(upstream:track)%00%(upstream:remotename)%00%(upstream:remoteref) refs/heads/master refs/remotes/master [1ms]
2023-11-07 00:24:05.056 [info] > git status -z -uall [16ms]
2023-11-07 00:24:10.073 [info] > git config --get commit.template [6ms]
2023-11-07 00:24:10.073 [info] > git for-each-ref --format=%(refname)%00%(upstream:short)%00%(objectname)%00%(upstream:track)%00%(upstream:remotename)%00%(upstream:remoteref) refs/heads/master refs/remotes/master [2ms]
2023-11-07 00:24:10.094 [info] > git status -z -uall [16ms]
2023-11-07 00:24:15.118 [info] > git config --get commit.template [2ms]
2023-11-07 00:24:15.129 [info] > git for-each-ref --format=%(refname)%00%(upstream:short)%00%(objectname)%00%(upstream:track)%00%(upstream:remotename)%00%(upstream:remoteref) refs/heads/master refs/remotes/master [1ms]
2023-11-07 00:24:15.151 [info] > git status -z -uall [16ms]
2023-11-07 00:24:20.174 [info] > git config --get commit.template [3ms]
2023-11-07 00:24:20.190 [info] > git for-each-ref --format=%(refname)%00%(upstream:short)%00%(objectname)%00%(upstream:track)%00%(upstream:remotename)%00%(upstream:remoteref) refs/heads/master refs/remotes/master [1ms]
2023-11-07 00:24:20.214 [info] > git status -z -uall [17ms]
2023-11-07 00:24:25.249 [info] > git config --get commit.template [11ms]
2023-11-07 00:24:25.250 [info] > git for-each-ref --format=%(refname)%00%(upstream:short)%00%(objectname)%00%(upstream:track)%00%(upstream:remotename)%00%(upstream:remoteref) refs/heads/master refs/remotes/master [2ms]
2023-11-07 00:24:25.276 [info] > git status -z -uall [18ms]
2023-11-07 00:24:30.314 [info] > git config --get commit.template [13ms]
2023-11-07 00:24:30.315 [info] > git for-each-ref --format=%(refname)%00%(upstream:short)%00%(objectname)%00%(upstream:track)%00%(upstream:remotename)%00%(upstream:remoteref) refs/heads/master refs/remotes/master [2ms]
2023-11-07 00:24:30.339 [info] > git status -z -uall [16ms]
2023-11-07 00:24:35.376 [info] > git config --get commit.template [13ms]
2023-11-07 00:24:35.377 [info] > git for-each-ref --format=%(refname)%00%(upstream:short)%00%(objectname)%00%(upstream:track)%00%(upstream:remotename)%00%(upstream:remoteref) refs/heads/master refs/remotes/master [2ms]
2023-11-07 00:24:35.404 [info] > git status -z -uall [20ms]
2023-11-07 00:24:40.426 [info] > git config --get commit.template [9ms]
2023-11-07 00:24:40.426 [info] > git for-each-ref --format=%(refname)%00%(upstream:short)%00%(objectname)%00%(upstream:track)%00%(upstream:remotename)%00%(upstream:remoteref) refs/heads/master refs/remotes/master [1ms]
2023-11-07 00:24:40.452 [info] > git status -z -uall [18ms]
2023-11-07 00:24:45.468 [info] > git config --get commit.template [1ms]
2023-11-07 00:24:45.477 [info] > git for-each-ref --format=%(refname)%00%(upstream:short)%00%(objectname)%00%(upstream:track)%00%(upstream:remotename)%00%(upstream:remoteref) refs/heads/master refs/remotes/master [1ms]
2023-11-07 00:24:45.499 [info] > git status -z -uall [15ms]
2023-11-07 00:24:50.509 [info] > git config --get commit.template [1ms]
2023-11-07 00:24:50.515 [info] > git for-each-ref --format=%(refname)%00%(upstream:short)%00%(objectname)%00%(upstream:track)%00%(upstream:remotename)%00%(upstream:remoteref) refs/heads/master refs/remotes/master [1ms]
2023-11-07 00:24:50.534 [info] > git status -z -uall [13ms]
2023-11-07 00:24:55.549 [info] > git config --get commit.template [1ms]
2023-11-07 00:24:55.560 [info] > git for-each-ref --format=%(refname)%00%(upstream:short)%00%(objectname)%00%(upstream:track)%00%(upstream:remotename)%00%(upstream:remoteref) refs/heads/master refs/remotes/master [2ms]
2023-11-07 00:24:55.587 [info] > git status -z -uall [19ms]
2023-11-07 00:24:58.585 [info] > git show --textconv :filestack/index.js [9ms]
2023-11-07 00:24:58.587 [info] > git ls-files --stage -- /home/btsalwa/filestack/index.js [2ms]
2023-11-07 00:24:58.594 [info] > git cat-file -s 6e894b283bff2c7f456e3b0b7ac940edbc38b364 [1ms]
2023-11-07 00:25:04.910 [info] > git config --get commit.template [10ms]
2023-11-07 00:25:04.910 [info] > git for-each-ref --format=%(refname)%00%(upstream:short)%00%(objectname)%00%(upstream:track)%00%(upstream:remotename)%00%(upstream:remoteref) refs/heads/master refs/remotes/master [2ms]
2023-11-07 00:25:04.959 [info] > git status -z -uall [40ms]
2023-11-07 00:25:38.742 [info] > git config --get commit.template [1ms]
2023-11-07 00:25:38.755 [info] > git for-each-ref --format=%(refname)%00%(upstream:short)%00%(objectname)%00%(upstream:track)%00%(upstream:remotename)%00%(upstream:remoteref) refs/heads/master refs/remotes/master [2ms]
2023-11-07 00:25:38.787 [info] > git status -z -uall [22ms]
2023-11-07 00:26:17.810 [info] > git config --get commit.template [1ms]
2023-11-07 00:26:17.818 [info] > git for-each-ref --format=%(refname)%00%(upstream:short)%00%(objectname)%00%(upstream:track)%00%(upstream:remotename)%00%(upstream:remoteref) refs/heads/master refs/remotes/master [0ms]
2023-11-07 00:26:17.839 [info] > git status -z -uall [15ms]
2023-11-07 00:26:27.886 [info] > git config --get commit.template [15ms]
2023-11-07 00:26:27.887 [info] > git for-each-ref --format=%(refname)%00%(upstream:short)%00%(objectname)%00%(upstream:track)%00%(upstream:remotename)%00%(upstream:remoteref) refs/heads/master refs/remotes/master [2ms]
2023-11-07 00:26:27.920 [info] > git status -z -uall [23ms]
2023-11-07 00:26:30.741 [info] > git show --textconv :filestack/index.html [19ms]
2023-11-07 00:26:30.742 [info] > git ls-files --stage -- /home/btsalwa/filestack/index.html [5ms]
2023-11-07 00:26:30.754 [info] > git cat-file -s a4bdef5706b251224a2ecf2dc80856be7111f0aa [2ms]
2023-11-07 00:26:32.952 [info] > git config --get commit.template [8ms]
2023-11-07 00:26:32.952 [info] > git for-each-ref --format=%(refname)%00%(upstream:short)%00%(objectname)%00%(upstream:track)%00%(upstream:remotename)%00%(upstream:remoteref) refs/heads/master refs/remotes/master [1ms]
2023-11-07 00:26:32.975 [info] > git status -z -uall [16ms]
2023-11-07 00:26:38.157 [info] > git config --get commit.template [13ms]
2023-11-07 00:26:38.158 [info] > git for-each-ref --format=%(refname)%00%(upstream:short)%00%(objectname)%00%(upstream:track)%00%(upstream:remotename)%00%(upstream:remoteref) refs/heads/master refs/remotes/master [2ms]
2023-11-07 00:26:38.182 [info] > git status -z -uall [17ms]
2023-11-07 00:26:43.213 [info] > git config --get commit.template [4ms]
2023-11-07 00:26:43.222 [info] > git for-each-ref --format=%(refname)%00%(upstream:short)%00%(objectname)%00%(upstream:track)%00%(upstream:remotename)%00%(upstream:remoteref) refs/heads/master refs/remotes/master [2ms]
2023-11-07 00:26:43.247 [info] > git status -z -uall [18ms]
2023-11-07 00:26:43.889 [info] > git check-ignore -v -z --stdin [5ms]
2023-11-07 00:26:48.268 [info] > git config --get commit.template [9ms]
2023-11-07 00:26:48.269 [info] > git for-each-ref --format=%(refname)%00%(upstream:short)%00%(objectname)%00%(upstream:track)%00%(upstream:remotename)%00%(upstream:remoteref) refs/heads/master refs/remotes/master [2ms]
2023-11-07 00:26:48.295 [info] > git status -z -uall [19ms]
2023-11-07 00:26:53.327 [info] > git config --get commit.template [10ms]
2023-11-07 00:26:53.327 [info] > git for-each-ref --format=%(refname)%00%(upstream:short)%00%(objectname)%00%(upstream:track)%00%(upstream:remotename)%00%(upstream:remoteref) refs/heads/master refs/remotes/master [1ms]
2023-11-07 00:26:53.352 [info] > git status -z -uall [18ms]
2023-11-07 00:26:58.385 [info] > git config --get commit.template [9ms]
2023-11-07 00:26:58.385 [info] > git for-each-ref --format=%(refname)%00%(upstream:short)%00%(objectname)%00%(upstream:track)%00%(upstream:remotename)%00%(upstream:remoteref) refs/heads/master refs/remotes/master [1ms]
2023-11-07 00:26:58.409 [info] > git status -z -uall [18ms]
2023-11-07 00:27:03.453 [info] > git config --get commit.template [13ms]
2023-11-07 00:27:03.454 [info] > git for-each-ref --format=%(refname)%00%(upstream:short)%00%(objectname)%00%(upstream:track)%00%(upstream:remotename)%00%(upstream:remoteref) refs/heads/master refs/remotes/master [2ms]
2023-11-07 00:27:03.486 [info] > git status -z -uall [24ms]
2023-11-07 00:27:08.496 [info] > git config --get commit.template [1ms]
2023-11-07 00:27:08.503 [info] > git for-each-ref --format=%(refname)%00%(upstream:short)%00%(objectname)%00%(upstream:track)%00%(upstream:remotename)%00%(upstream:remoteref) refs/heads/master refs/remotes/master [1ms]
2023-11-07 00:27:08.525 [info] > git status -z -uall [16ms]
2023-11-07 00:27:13.534 [info] > git config --get commit.template [1ms]
2023-11-07 00:27:13.539 [info] > git for-each-ref --format=%(refname)%00%(upstream:short)%00%(objectname)%00%(upstream:track)%00%(upstream:remotename)%00%(upstream:remoteref) refs/heads/master refs/remotes/master [1ms]
2023-11-07 00:27:13.558 [info] > git status -z -uall [15ms]
2023-11-07 00:27:18.577 [info] > git config --get commit.template [7ms]
2023-11-07 00:27:18.577 [info] > git for-each-ref --format=%(refname)%00%(upstream:short)%00%(objectname)%00%(upstream:track)%00%(upstream:remotename)%00%(upstream:remoteref) refs/heads/master refs/remotes/master [1ms]
2023-11-07 00:27:18.599 [info] > git status -z -uall [15ms]
2023-11-07 00:27:23.617 [info] > git config --get commit.template [8ms]
2023-11-07 00:27:23.618 [info] > git for-each-ref --format=%(refname)%00%(upstream:short)%00%(objectname)%00%(upstream:track)%00%(upstream:remotename)%00%(upstream:remoteref) refs/heads/master refs/remotes/master [2ms]
2023-11-07 00:27:23.645 [info] > git status -z -uall [20ms]
2023-11-07 00:27:28.655 [info] > git add -A -- . [30ms]
2023-11-07 00:27:28.680 [info] > git -c user.useConfigOnly=true commit --quiet --allow-empty-message --file - [20ms]
2023-11-07 00:27:28.688 [info] > git config --get commit.template [1ms]
2023-11-07 00:27:28.698 [info] > git config --get commit.template [3ms]
2023-11-07 00:27:28.705 [info] > git for-each-ref --format=%(refname)%00%(upstream:short)%00%(objectname)%00%(upstream:track)%00%(upstream:remotename)%00%(upstream:remoteref) refs/heads/master refs/remotes/master [1ms]
2023-11-07 00:27:28.725 [info] > git status -z -uall [14ms]
2023-11-07 00:27:28.739 [info] > git config --get commit.template [1ms]
2023-11-07 00:27:28.746 [info] > git for-each-ref --format=%(refname)%00%(upstream:short)%00%(objectname)%00%(upstream:track)%00%(upstream:remotename)%00%(upstream:remoteref) refs/heads/master refs/remotes/master [1ms]
2023-11-07 00:27:28.766 [info] > git status -z -uall [15ms]
2023-11-07 00:27:28.794 [info] > git config --get commit.template [0ms]
2023-11-07 00:27:28.801 [info] > git for-each-ref --format=%(refname)%00%(upstream:short)%00%(objectname)%00%(upstream:track)%00%(upstream:remotename)%00%(upstream:remoteref) refs/heads/master refs/remotes/master [1ms]
2023-11-07 00:27:28.824 [info] > git status -z -uall [15ms]
2023-11-07 00:27:30.111 [info] > git ls-files --stage -- /home/btsalwa/filestack/index.html [4ms]
2023-11-07 00:27:30.119 [info] > git cat-file -s d3f3312c935cb8ffbbb08a6536eb912b62001d7c [1ms]
2023-11-07 00:27:30.133 [info] > git show --textconv :filestack/index.html [2ms]
2023-11-07 00:27:48.553 [info] > git config --get commit.template [2ms]
2023-11-07 00:27:48.562 [info] > git for-each-ref --format=%(refname)%00%(upstream:short)%00%(objectname)%00%(upstream:track)%00%(upstream:remotename)%00%(upstream:remoteref) refs/heads/master refs/remotes/master [1ms]
2023-11-07 00:27:48.589 [info] > git status -z -uall [18ms]
2023-11-07 00:27:53.625 [info] > git config --get commit.template [12ms]
2023-11-07 00:27:53.625 [info] > git for-each-ref --format=%(refname)%00%(upstream:short)%00%(objectname)%00%(upstream:track)%00%(upstream:remotename)%00%(upstream:remoteref) refs/heads/master refs/remotes/master [1ms]
2023-11-07 00:27:53.653 [info] > git status -z -uall [21ms]
2023-11-07 00:29:11.683 [info] > git config --get commit.template [1ms]
2023-11-07 00:29:11.692 [info] > git for-each-ref --format=%(refname)%00%(upstream:short)%00%(objectname)%00%(upstream:track)%00%(upstream:remotename)%00%(upstream:remoteref) refs/heads/master refs/remotes/master [2ms]
2023-11-07 00:29:11.719 [info] > git status -z -uall [19ms]
2023-11-07 00:29:16.735 [info] > git config --get commit.template [6ms]
2023-11-07 00:29:16.735 [info] > git for-each-ref --format=%(refname)%00%(upstream:short)%00%(objectname)%00%(upstream:track)%00%(upstream:remotename)%00%(upstream:remoteref) refs/heads/master refs/remotes/master [1ms]
2023-11-07 00:29:16.761 [info] > git status -z -uall [21ms]
2023-11-07 00:29:17.097 [info] > git show --textconv :filestack/index.js [12ms]
2023-11-07 00:29:17.098 [info] > git ls-files --stage -- /home/btsalwa/filestack/index.js [2ms]
2023-11-07 00:29:17.106 [info] > git cat-file -s 6e894b283bff2c7f456e3b0b7ac940edbc38b364 [1ms]
2023-11-07 00:29:21.794 [info] > git config --get commit.template [10ms]
2023-11-07 00:29:21.795 [info] > git for-each-ref --format=%(refname)%00%(upstream:short)%00%(objectname)%00%(upstream:track)%00%(upstream:remotename)%00%(upstream:remoteref) refs/heads/master refs/remotes/master [2ms]
2023-11-07 00:29:21.819 [info] > git status -z -uall [17ms]
2023-11-07 00:29:26.851 [info] > git config --get commit.template [10ms]
2023-11-07 00:29:26.851 [info] > git for-each-ref --format=%(refname)%00%(upstream:short)%00%(objectname)%00%(upstream:track)%00%(upstream:remotename)%00%(upstream:remoteref) refs/heads/master refs/remotes/master [1ms]
2023-11-07 00:29:26.875 [info] > git status -z -uall [18ms]
2023-11-07 00:29:31.889 [info] > git config --get commit.template [3ms]
2023-11-07 00:29:31.897 [info] > git for-each-ref --format=%(refname)%00%(upstream:short)%00%(objectname)%00%(upstream:track)%00%(upstream:remotename)%00%(upstream:remoteref) refs/heads/master refs/remotes/master [1ms]
2023-11-07 00:29:31.919 [info] > git status -z -uall [16ms]
2023-11-07 00:29:36.957 [info] > git config --get commit.template [13ms]
2023-11-07 00:29:36.958 [info] > git for-each-ref --format=%(refname)%00%(upstream:short)%00%(objectname)%00%(upstream:track)%00%(upstream:remotename)%00%(upstream:remoteref) refs/heads/master refs/remotes/master [2ms]
2023-11-07 00:29:36.982 [info] > git status -z -uall [17ms]
2023-11-07 00:29:46.710 [info] > git config --get commit.template [2ms]
2023-11-07 00:29:46.721 [info] > git for-each-ref --format=%(refname)%00%(upstream:short)%00%(objectname)%00%(upstream:track)%00%(upstream:remotename)%00%(upstream:remoteref) refs/heads/master refs/remotes/master [1ms]
2023-11-07 00:29:46.748 [info] > git status -z -uall [21ms]
2023-11-07 00:29:51.783 [info] > git config --get commit.template [10ms]
2023-11-07 00:29:51.783 [info] > git for-each-ref --format=%(refname)%00%(upstream:short)%00%(objectname)%00%(upstream:track)%00%(upstream:remotename)%00%(upstream:remoteref) refs/heads/master refs/remotes/master [2ms]
2023-11-07 00:29:51.807 [info] > git status -z -uall [17ms]
2023-11-07 00:29:52.444 [info] > git check-ignore -v -z --stdin [5ms]
2023-11-07 00:29:56.827 [info] > git config --get commit.template [8ms]
2023-11-07 00:29:56.828 [info] > git for-each-ref --format=%(refname)%00%(upstream:short)%00%(objectname)%00%(upstream:track)%00%(upstream:remotename)%00%(upstream:remoteref) refs/heads/master refs/remotes/master [2ms]
2023-11-07 00:29:56.854 [info] > git status -z -uall [19ms]
2023-11-07 00:30:01.878 [info] > git config --get commit.template [2ms]
2023-11-07 00:30:01.895 [info] > git for-each-ref --format=%(refname)%00%(upstream:short)%00%(objectname)%00%(upstream:track)%00%(upstream:remotename)%00%(upstream:remoteref) refs/heads/master refs/remotes/master [2ms]
2023-11-07 00:30:01.926 [info] > git status -z -uall [21ms]
2023-11-07 00:30:06.944 [info] > git config --get commit.template [7ms]
2023-11-07 00:30:06.945 [info] > git for-each-ref --format=%(refname)%00%(upstream:short)%00%(objectname)%00%(upstream:track)%00%(upstream:remotename)%00%(upstream:remoteref) refs/heads/master refs/remotes/master [1ms]
2023-11-07 00:30:06.966 [info] > git status -z -uall [16ms]
2023-11-07 00:30:12.007 [info] > git config --get commit.template [15ms]
2023-11-07 00:30:12.007 [info] > git for-each-ref --format=%(refname)%00%(upstream:short)%00%(objectname)%00%(upstream:track)%00%(upstream:remotename)%00%(upstream:remoteref) refs/heads/master refs/remotes/master [1ms]
2023-11-07 00:30:12.034 [info] > git status -z -uall [19ms]
2023-11-07 00:30:17.060 [info] > git config --get commit.template [11ms]
2023-11-07 00:30:17.061 [info] > git for-each-ref --format=%(refname)%00%(upstream:short)%00%(objectname)%00%(upstream:track)%00%(upstream:remotename)%00%(upstream:remoteref) refs/heads/master refs/remotes/master [2ms]
2023-11-07 00:30:17.085 [info] > git status -z -uall [17ms]
2023-11-07 00:30:22.107 [info] > git config --get commit.template [8ms]
2023-11-07 00:30:22.108 [info] > git for-each-ref --format=%(refname)%00%(upstream:short)%00%(objectname)%00%(upstream:track)%00%(upstream:remotename)%00%(upstream:remoteref) refs/heads/master refs/remotes/master [2ms]
2023-11-07 00:30:22.130 [info] > git status -z -uall [16ms]
2023-11-07 00:30:27.155 [info] > git config --get commit.template [2ms]
2023-11-07 00:30:27.167 [info] > git for-each-ref --format=%(refname)%00%(upstream:short)%00%(objectname)%00%(upstream:track)%00%(upstream:remotename)%00%(upstream:remoteref) refs/heads/master refs/remotes/master [1ms]
2023-11-07 00:30:27.192 [info] > git status -z -uall [18ms]
2023-11-07 00:30:32.211 [info] > git config --get commit.template [8ms]
2023-11-07 00:30:32.211 [info] > git for-each-ref --format=%(refname)%00%(upstream:short)%00%(objectname)%00%(upstream:track)%00%(upstream:remotename)%00%(upstream:remoteref) refs/heads/master refs/remotes/master [1ms]
2023-11-07 00:30:32.236 [info] > git status -z -uall [17ms]
2023-11-07 00:30:37.270 [info] > git config --get commit.template [12ms]
2023-11-07 00:30:37.270 [info] > git for-each-ref --format=%(refname)%00%(upstream:short)%00%(objectname)%00%(upstream:track)%00%(upstream:remotename)%00%(upstream:remoteref) refs/heads/master refs/remotes/master [1ms]
2023-11-07 00:30:37.291 [info] > git status -z -uall [15ms]
2023-11-07 00:30:42.316 [info] > git config --get commit.template [1ms]
2023-11-07 00:30:42.328 [info] > git for-each-ref --format=%(refname)%00%(upstream:short)%00%(objectname)%00%(upstream:track)%00%(upstream:remotename)%00%(upstream:remoteref) refs/heads/master refs/remotes/master [2ms]
2023-11-07 00:30:42.355 [info] > git status -z -uall [19ms]
2023-11-07 00:30:47.394 [info] > git config --get commit.template [11ms]
2023-11-07 00:30:47.394 [info] > git for-each-ref --format=%(refname)%00%(upstream:short)%00%(objectname)%00%(upstream:track)%00%(upstream:remotename)%00%(upstream:remoteref) refs/heads/master refs/remotes/master [1ms]
2023-11-07 00:30:47.419 [info] > git status -z -uall [18ms]
2023-11-07 00:30:52.443 [info] > git config --get commit.template [2ms]
2023-11-07 00:30:52.452 [info] > git for-each-ref --format=%(refname)%00%(upstream:short)%00%(objectname)%00%(upstream:track)%00%(upstream:remotename)%00%(upstream:remoteref) refs/heads/master refs/remotes/master [1ms]
2023-11-07 00:30:52.477 [info] > git status -z -uall [18ms]
2023-11-07 00:30:57.514 [info] > git config --get commit.template [9ms]
2023-11-07 00:30:57.514 [info] > git for-each-ref --format=%(refname)%00%(upstream:short)%00%(objectname)%00%(upstream:track)%00%(upstream:remotename)%00%(upstream:remoteref) refs/heads/master refs/remotes/master [1ms]
2023-11-07 00:30:57.535 [info] > git status -z -uall [16ms]
2023-11-07 00:31:02.546 [info] > git config --get commit.template [1ms]
2023-11-07 00:31:02.552 [info] > git for-each-ref --format=%(refname)%00%(upstream:short)%00%(objectname)%00%(upstream:track)%00%(upstream:remotename)%00%(upstream:remoteref) refs/heads/master refs/remotes/master [0ms]
2023-11-07 00:31:02.574 [info] > git status -z -uall [17ms]
2023-11-07 00:31:07.589 [info] > git config --get commit.template [2ms]
2023-11-07 00:31:07.599 [info] > git for-each-ref --format=%(refname)%00%(upstream:short)%00%(objectname)%00%(upstream:track)%00%(upstream:remotename)%00%(upstream:remoteref) refs/heads/master refs/remotes/master [1ms]
2023-11-07 00:31:07.621 [info] > git status -z -uall [16ms]
2023-11-07 00:31:12.645 [info] > git config --get commit.template [2ms]
2023-11-07 00:31:12.656 [info] > git for-each-ref --format=%(refname)%00%(upstream:short)%00%(objectname)%00%(upstream:track)%00%(upstream:remotename)%00%(upstream:remoteref) refs/heads/master refs/remotes/master [1ms]
2023-11-07 00:31:12.684 [info] > git status -z -uall [21ms]
2023-11-07 00:31:17.710 [info] > git config --get commit.template [3ms]
2023-11-07 00:31:17.724 [info] > git for-each-ref --format=%(refname)%00%(upstream:short)%00%(objectname)%00%(upstream:track)%00%(upstream:remotename)%00%(upstream:remoteref) refs/heads/master refs/remotes/master [2ms]
2023-11-07 00:31:17.753 [info] > git status -z -uall [20ms]
2023-11-07 00:31:22.784 [info] > git config --get commit.template [9ms]
2023-11-07 00:31:22.784 [info] > git for-each-ref --format=%(refname)%00%(upstream:short)%00%(objectname)%00%(upstream:track)%00%(upstream:remotename)%00%(upstream:remoteref) refs/heads/master refs/remotes/master [1ms]
2023-11-07 00:31:22.808 [info] > git status -z -uall [17ms]
2023-11-07 00:31:27.847 [info] > git config --get commit.template [12ms]
2023-11-07 00:31:27.847 [info] > git for-each-ref --format=%(refname)%00%(upstream:short)%00%(objectname)%00%(upstream:track)%00%(upstream:remotename)%00%(upstream:remoteref) refs/heads/master refs/remotes/master [1ms]
2023-11-07 00:31:27.871 [info] > git status -z -uall [17ms]
2023-11-07 00:31:32.898 [info] > git config --get commit.template [3ms]
2023-11-07 00:31:32.915 [info] > git for-each-ref --format=%(refname)%00%(upstream:short)%00%(objectname)%00%(upstream:track)%00%(upstream:remotename)%00%(upstream:remoteref) refs/heads/master refs/remotes/master [2ms]
2023-11-07 00:31:32.943 [info] > git status -z -uall [20ms]
2023-11-07 00:31:37.963 [info] > git config --get commit.template [2ms]
2023-11-07 00:31:37.973 [info] > git for-each-ref --format=%(refname)%00%(upstream:short)%00%(objectname)%00%(upstream:track)%00%(upstream:remotename)%00%(upstream:remoteref) refs/heads/master refs/remotes/master [1ms]
2023-11-07 00:31:37.997 [info] > git status -z -uall [17ms]
2023-11-07 00:31:43.015 [info] > git config --get commit.template [7ms]
2023-11-07 00:31:43.015 [info] > git for-each-ref --format=%(refname)%00%(upstream:short)%00%(objectname)%00%(upstream:track)%00%(upstream:remotename)%00%(upstream:remoteref) refs/heads/master refs/remotes/master [1ms]
2023-11-07 00:31:43.036 [info] > git status -z -uall [15ms]
2023-11-07 00:31:48.054 [info] > git config --get commit.template [8ms]
2023-11-07 00:31:48.054 [info] > git for-each-ref --format=%(refname)%00%(upstream:short)%00%(objectname)%00%(upstream:track)%00%(upstream:remotename)%00%(upstream:remoteref) refs/heads/master refs/remotes/master [1ms]
2023-11-07 00:31:48.075 [info] > git status -z -uall [15ms]
2023-11-07 00:31:53.102 [info] > git config --get commit.template [10ms]
2023-11-07 00:31:53.103 [info] > git for-each-ref --format=%(refname)%00%(upstream:short)%00%(objectname)%00%(upstream:track)%00%(upstream:remotename)%00%(upstream:remoteref) refs/heads/master refs/remotes/master [2ms]
2023-11-07 00:31:53.126 [info] > git status -z -uall [18ms]
2023-11-07 00:31:58.164 [info] > git config --get commit.template [13ms]
2023-11-07 00:31:58.165 [info] > git for-each-ref --format=%(refname)%00%(upstream:short)%00%(objectname)%00%(upstream:track)%00%(upstream:remotename)%00%(upstream:remoteref) refs/heads/master refs/remotes/master [3ms]
2023-11-07 00:31:58.193 [info] > git status -z -uall [20ms]
2023-11-07 00:32:03.228 [info] > git config --get commit.template [12ms]
2023-11-07 00:32:03.229 [info] > git for-each-ref --format=%(refname)%00%(upstream:short)%00%(objectname)%00%(upstream:track)%00%(upstream:remotename)%00%(upstream:remoteref) refs/heads/master refs/remotes/master [2ms]
2023-11-07 00:32:03.259 [info] > git status -z -uall [21ms]
2023-11-07 00:32:08.299 [info] > git config --get commit.template [11ms]
2023-11-07 00:32:08.299 [info] > git for-each-ref --format=%(refname)%00%(upstream:short)%00%(objectname)%00%(upstream:track)%00%(upstream:remotename)%00%(upstream:remoteref) refs/heads/master refs/remotes/master [1ms]
2023-11-07 00:32:08.324 [info] > git status -z -uall [17ms]
2023-11-07 00:32:13.360 [info] > git config --get commit.template [11ms]
2023-11-07 00:32:13.360 [info] > git for-each-ref --format=%(refname)%00%(upstream:short)%00%(objectname)%00%(upstream:track)%00%(upstream:remotename)%00%(upstream:remoteref) refs/heads/master refs/remotes/master [1ms]
2023-11-07 00:32:13.387 [info] > git status -z -uall [19ms]
2023-11-07 00:32:18.410 [info] > git config --get commit.template [1ms]
2023-11-07 00:32:18.421 [info] > git for-each-ref --format=%(refname)%00%(upstream:short)%00%(objectname)%00%(upstream:track)%00%(upstream:remotename)%00%(upstream:remoteref) refs/heads/master refs/remotes/master [1ms]
2023-11-07 00:32:18.445 [info] > git status -z -uall [17ms]
2023-11-07 00:32:23.469 [info] > git config --get commit.template [11ms]
2023-11-07 00:32:23.470 [info] > git for-each-ref --format=%(refname)%00%(upstream:short)%00%(objectname)%00%(upstream:track)%00%(upstream:remotename)%00%(upstream:remoteref) refs/heads/master refs/remotes/master [2ms]
2023-11-07 00:32:23.497 [info] > git status -z -uall [19ms]
2023-11-07 00:32:28.514 [info] > git config --get commit.template [6ms]
2023-11-07 00:32:28.514 [info] > git for-each-ref --format=%(refname)%00%(upstream:short)%00%(objectname)%00%(upstream:track)%00%(upstream:remotename)%00%(upstream:remoteref) refs/heads/master refs/remotes/master [1ms]
2023-11-07 00:32:28.536 [info] > git status -z -uall [16ms]
2023-11-07 00:32:33.560 [info] > git config --get commit.template [11ms]
2023-11-07 00:32:33.561 [info] > git for-each-ref --format=%(refname)%00%(upstream:short)%00%(objectname)%00%(upstream:track)%00%(upstream:remotename)%00%(upstream:remoteref) refs/heads/master refs/remotes/master [2ms]
2023-11-07 00:32:33.585 [info] > git status -z -uall [17ms]
2023-11-07 00:32:38.599 [info] > git config --get commit.template [7ms]
2023-11-07 00:32:38.599 [info] > git for-each-ref --format=%(refname)%00%(upstream:short)%00%(objectname)%00%(upstream:track)%00%(upstream:remotename)%00%(upstream:remoteref) refs/heads/master refs/remotes/master [1ms]
2023-11-07 00:32:38.618 [info] > git status -z -uall [14ms]
2023-11-07 00:32:43.635 [info] > git config --get commit.template [5ms]
2023-11-07 00:32:43.635 [info] > git for-each-ref --format=%(refname)%00%(upstream:short)%00%(objectname)%00%(upstream:track)%00%(upstream:remotename)%00%(upstream:remoteref) refs/heads/master refs/remotes/master [1ms]
2023-11-07 00:32:43.654 [info] > git status -z -uall [14ms]
2023-11-07 00:32:48.671 [info] > git config --get commit.template [7ms]
2023-11-07 00:32:48.671 [info] > git for-each-ref --format=%(refname)%00%(upstream:short)%00%(objectname)%00%(upstream:track)%00%(upstream:remotename)%00%(upstream:remoteref) refs/heads/master refs/remotes/master [0ms]
2023-11-07 00:32:48.692 [info] > git status -z -uall [14ms]
2023-11-07 00:32:53.712 [info] > git config --get commit.template [7ms]
2023-11-07 00:32:53.712 [info] > git for-each-ref --format=%(refname)%00%(upstream:short)%00%(objectname)%00%(upstream:track)%00%(upstream:remotename)%00%(upstream:remoteref) refs/heads/master refs/remotes/master [1ms]
2023-11-07 00:32:53.732 [info] > git status -z -uall [13ms]
2023-11-07 00:32:58.770 [info] > git config --get commit.template [9ms]
2023-11-07 00:32:58.771 [info] > git for-each-ref --format=%(refname)%00%(upstream:short)%00%(objectname)%00%(upstream:track)%00%(upstream:remotename)%00%(upstream:remoteref) refs/heads/master refs/remotes/master [2ms]
2023-11-07 00:32:58.796 [info] > git status -z -uall [18ms]
2023-11-07 00:33:03.822 [info] > git config --get commit.template [11ms]
2023-11-07 00:33:03.823 [info] > git for-each-ref --format=%(refname)%00%(upstream:short)%00%(objectname)%00%(upstream:track)%00%(upstream:remotename)%00%(upstream:remoteref) refs/heads/master refs/remotes/master [1ms]
2023-11-07 00:33:03.849 [info] > git status -z -uall [18ms]
2023-11-07 00:33:08.874 [info] > git config --get commit.template [11ms]
2023-11-07 00:33:08.875 [info] > git for-each-ref --format=%(refname)%00%(upstream:short)%00%(objectname)%00%(upstream:track)%00%(upstream:remotename)%00%(upstream:remoteref) refs/heads/master refs/remotes/master [2ms]
2023-11-07 00:33:08.899 [info] > git status -z -uall [18ms]
2023-11-07 00:33:12.331 [info] > git add -A -- . [26ms]
2023-11-07 00:33:12.358 [info] > git -c user.useConfigOnly=true commit --quiet --allow-empty-message --file - [19ms]
2023-11-07 00:33:12.367 [info] > git config --get commit.template [0ms]
2023-11-07 00:33:12.376 [info] > git config --get commit.template [3ms]
2023-11-07 00:33:12.383 [info] > git for-each-ref --format=%(refname)%00%(upstream:short)%00%(objectname)%00%(upstream:track)%00%(upstream:remotename)%00%(upstream:remoteref) refs/heads/master refs/remotes/master [1ms]
2023-11-07 00:33:12.404 [info] > git status -z -uall [16ms]
2023-11-07 00:33:12.508 [info] > git config --get commit.template [1ms]
2023-11-07 00:33:12.517 [info] > git for-each-ref --format=%(refname)%00%(upstream:short)%00%(objectname)%00%(upstream:track)%00%(upstream:remotename)%00%(upstream:remoteref) refs/heads/master refs/remotes/master [0ms]
2023-11-07 00:33:12.539 [info] > git status -z -uall [16ms]
2023-11-07 00:33:13.727 [info] > git ls-files --stage -- /home/btsalwa/filestack/index.js [5ms]
2023-11-07 00:33:13.739 [info] > git cat-file -s d295dac1e4282a2b7c409c2e5be43d3a9f93cd4a [2ms]
2023-11-07 00:33:13.760 [info] > git show --textconv :filestack/index.js [4ms]
2023-11-07 00:33:13.928 [info] > git config --get commit.template [10ms]
2023-11-07 00:33:13.929 [info] > git for-each-ref --format=%(refname)%00%(upstream:short)%00%(objectname)%00%(upstream:track)%00%(upstream:remotename)%00%(upstream:remoteref) refs/heads/master refs/remotes/master [2ms]
2023-11-07 00:33:13.953 [info] > git status -z -uall [17ms]
2023-11-07 00:33:17.251 [info] > git show --textconv :filestack/styles.css [15ms]
2023-11-07 00:33:17.253 [info] > git ls-files --stage -- /home/btsalwa/filestack/styles.css [3ms]
2023-11-07 00:33:17.261 [info] > git cat-file -s 06cb141f2f0a9437cdf17c9a4c68d99f6c5ffc5a [1ms]
2023-11-07 00:33:18.982 [info] > git config --get commit.template [2ms]
2023-11-07 00:33:18.993 [info] > git for-each-ref --format=%(refname)%00%(upstream:short)%00%(objectname)%00%(upstream:track)%00%(upstream:remotename)%00%(upstream:remoteref) refs/heads/master refs/remotes/master [1ms]
2023-11-07 00:33:19.019 [info] > git status -z -uall [18ms]
2023-11-07 00:33:24.048 [info] > git config --get commit.template [10ms]
2023-11-07 00:33:24.048 [info] > git for-each-ref --format=%(refname)%00%(upstream:short)%00%(objectname)%00%(upstream:track)%00%(upstream:remotename)%00%(upstream:remoteref) refs/heads/master refs/remotes/master [1ms]
2023-11-07 00:33:24.071 [info] > git status -z -uall [15ms]
2023-11-07 00:33:29.088 [info] > git config --get commit.template [2ms]
2023-11-07 00:33:29.096 [info] > git for-each-ref --format=%(refname)%00%(upstream:short)%00%(objectname)%00%(upstream:track)%00%(upstream:remotename)%00%(upstream:remoteref) refs/heads/master refs/remotes/master [1ms]
2023-11-07 00:33:29.118 [info] > git status -z -uall [16ms]
2023-11-07 00:33:42.701 [info] > git config --get commit.template [0ms]
2023-11-07 00:33:42.710 [info] > git for-each-ref --format=%(refname)%00%(upstream:short)%00%(objectname)%00%(upstream:track)%00%(upstream:remotename)%00%(upstream:remoteref) refs/heads/master refs/remotes/master [1ms]
2023-11-07 00:33:42.735 [info] > git status -z -uall [18ms]
2023-11-07 00:33:51.754 [info] > git config --get commit.template [9ms]
2023-11-07 00:33:51.755 [info] > git for-each-ref --format=%(refname)%00%(upstream:short)%00%(objectname)%00%(upstream:track)%00%(upstream:remotename)%00%(upstream:remoteref) refs/heads/master refs/remotes/master [1ms]
2023-11-07 00:33:51.780 [info] > git status -z -uall [17ms]
2023-11-07 00:33:55.392 [info] > git show --textconv :filestack/index.js [8ms]
2023-11-07 00:33:55.393 [info] > git ls-files --stage -- /home/btsalwa/filestack/index.js [1ms]
2023-11-07 00:33:55.400 [info] > git cat-file -s d295dac1e4282a2b7c409c2e5be43d3a9f93cd4a [1ms]
2023-11-07 00:33:56.792 [info] > git config --get commit.template [1ms]
2023-11-07 00:33:56.801 [info] > git for-each-ref --format=%(refname)%00%(upstream:short)%00%(objectname)%00%(upstream:track)%00%(upstream:remotename)%00%(upstream:remoteref) refs/heads/master refs/remotes/master [1ms]
2023-11-07 00:33:56.824 [info] > git status -z -uall [16ms]
2023-11-07 00:34:01.842 [info] > git config --get commit.template [1ms]
2023-11-07 00:34:01.852 [info] > git for-each-ref --format=%(refname)%00%(upstream:short)%00%(objectname)%00%(upstream:track)%00%(upstream:remotename)%00%(upstream:remoteref) refs/heads/master refs/remotes/master [1ms]
2023-11-07 00:34:01.875 [info] > git status -z -uall [16ms]
2023-11-07 00:34:06.903 [info] > git config --get commit.template [9ms]
2023-11-07 00:34:06.904 [info] > git for-each-ref --format=%(refname)%00%(upstream:short)%00%(objectname)%00%(upstream:track)%00%(upstream:remotename)%00%(upstream:remoteref) refs/heads/master refs/remotes/master [1ms]
2023-11-07 00:34:06.929 [info] > git status -z -uall [18ms]
2023-11-07 00:34:16.691 [info] > git config --get commit.template [2ms]
2023-11-07 00:34:16.706 [info] > git for-each-ref --format=%(refname)%00%(upstream:short)%00%(objectname)%00%(upstream:track)%00%(upstream:remotename)%00%(upstream:remoteref) refs/heads/master refs/remotes/master [1ms]
2023-11-07 00:34:16.735 [info] > git status -z -uall [20ms]
2023-11-07 00:34:21.770 [info] > git config --get commit.template [12ms]
2023-11-07 00:34:21.771 [info] > git for-each-ref --format=%(refname)%00%(upstream:short)%00%(objectname)%00%(upstream:track)%00%(upstream:remotename)%00%(upstream:remoteref) refs/heads/master refs/remotes/master [1ms]
2023-11-07 00:34:21.800 [info] > git status -z -uall [21ms]
2023-11-07 00:34:26.816 [info] > git config --get commit.template [7ms]
2023-11-07 00:34:26.816 [info] > git for-each-ref --format=%(refname)%00%(upstream:short)%00%(objectname)%00%(upstream:track)%00%(upstream:remotename)%00%(upstream:remoteref) refs/heads/master refs/remotes/master [1ms]
2023-11-07 00:34:26.835 [info] > git status -z -uall [13ms]
2023-11-07 00:34:31.855 [info] > git config --get commit.template [8ms]
2023-11-07 00:34:31.857 [info] > git for-each-ref --format=%(refname)%00%(upstream:short)%00%(objectname)%00%(upstream:track)%00%(upstream:remotename)%00%(upstream:remoteref) refs/heads/master refs/remotes/master [2ms]
2023-11-07 00:34:31.881 [info] > git status -z -uall [17ms]
2023-11-07 00:34:36.902 [info] > git config --get commit.template [8ms]
2023-11-07 00:34:36.902 [info] > git for-each-ref --format=%(refname)%00%(upstream:short)%00%(objectname)%00%(upstream:track)%00%(upstream:remotename)%00%(upstream:remoteref) refs/heads/master refs/remotes/master [1ms]
2023-11-07 00:34:36.924 [info] > git status -z -uall [15ms]
2023-11-07 00:35:59.968 [info] > git config --get commit.template [2ms]
2023-11-07 00:35:59.980 [info] > git for-each-ref --format=%(refname)%00%(upstream:short)%00%(objectname)%00%(upstream:track)%00%(upstream:remotename)%00%(upstream:remoteref) refs/heads/master refs/remotes/master [2ms]
2023-11-07 00:36:00.018 [info] > git status -z -uall [27ms]
2023-11-07 00:36:05.050 [info] > git config --get commit.template [9ms]
2023-11-07 00:36:05.051 [info] > git for-each-ref --format=%(refname)%00%(upstream:short)%00%(objectname)%00%(upstream:track)%00%(upstream:remotename)%00%(upstream:remoteref) refs/heads/master refs/remotes/master [1ms]
2023-11-07 00:36:05.071 [info] > git status -z -uall [15ms]
2023-11-07 00:37:03.976 [info] > git config --get commit.template [1ms]
2023-11-07 00:37:03.989 [info] > git for-each-ref --format=%(refname)%00%(upstream:short)%00%(objectname)%00%(upstream:track)%00%(upstream:remotename)%00%(upstream:remoteref) refs/heads/master refs/remotes/master [1ms]
2023-11-07 00:37:04.012 [info] > git status -z -uall [17ms]
2023-11-07 00:37:09.037 [info] > git config --get commit.template [2ms]
2023-11-07 00:37:09.046 [info] > git for-each-ref --format=%(refname)%00%(upstream:short)%00%(objectname)%00%(upstream:track)%00%(upstream:remotename)%00%(upstream:remoteref) refs/heads/master refs/remotes/master [1ms]
2023-11-07 00:37:09.073 [info] > git status -z -uall [20ms]
2023-11-07 00:37:14.084 [info] > git config --get commit.template [1ms]
2023-11-07 00:37:14.090 [info] > git for-each-ref --format=%(refname)%00%(upstream:short)%00%(objectname)%00%(upstream:track)%00%(upstream:remotename)%00%(upstream:remoteref) refs/heads/master refs/remotes/master [0ms]
2023-11-07 00:37:14.109 [info] > git status -z -uall [14ms]
2023-11-07 00:37:19.117 [info] > git config --get commit.template [0ms]
2023-11-07 00:37:19.123 [info] > git for-each-ref --format=%(refname)%00%(upstream:short)%00%(objectname)%00%(upstream:track)%00%(upstream:remotename)%00%(upstream:remoteref) refs/heads/master refs/remotes/master [1ms]
2023-11-07 00:37:19.143 [info] > git status -z -uall [15ms]
2023-11-07 00:37:24.178 [info] > git config --get commit.template [10ms]
2023-11-07 00:37:24.178 [info] > git for-each-ref --format=%(refname)%00%(upstream:short)%00%(objectname)%00%(upstream:track)%00%(upstream:remotename)%00%(upstream:remoteref) refs/heads/master refs/remotes/master [1ms]
2023-11-07 00:37:24.203 [info] > git status -z -uall [18ms]
2023-11-07 00:37:29.234 [info] > git config --get commit.template [10ms]
2023-11-07 00:37:29.236 [info] > git for-each-ref --format=%(refname)%00%(upstream:short)%00%(objectname)%00%(upstream:track)%00%(upstream:remotename)%00%(upstream:remoteref) refs/heads/master refs/remotes/master [3ms]
2023-11-07 00:37:29.259 [info] > git status -z -uall [17ms]
2023-11-07 00:37:34.271 [info] > git config --get commit.template [2ms]
2023-11-07 00:37:34.279 [info] > git for-each-ref --format=%(refname)%00%(upstream:short)%00%(objectname)%00%(upstream:track)%00%(upstream:remotename)%00%(upstream:remoteref) refs/heads/master refs/remotes/master [1ms]
2023-11-07 00:37:34.300 [info] > git status -z -uall [17ms]
2023-11-07 00:37:39.310 [info] > git config --get commit.template [1ms]
2023-11-07 00:37:39.318 [info] > git for-each-ref --format=%(refname)%00%(upstream:short)%00%(objectname)%00%(upstream:track)%00%(upstream:remotename)%00%(upstream:remoteref) refs/heads/master refs/remotes/master [1ms]
2023-11-07 00:37:39.340 [info] > git status -z -uall [17ms]
2023-11-07 00:37:44.365 [info] > git config --get commit.template [2ms]
2023-11-07 00:37:44.377 [info] > git for-each-ref --format=%(refname)%00%(upstream:short)%00%(objectname)%00%(upstream:track)%00%(upstream:remotename)%00%(upstream:remoteref) refs/heads/master refs/remotes/master [2ms]
2023-11-07 00:37:44.402 [info] > git status -z -uall [18ms]
2023-11-07 00:37:49.437 [info] > git config --get commit.template [12ms]
2023-11-07 00:37:49.438 [info] > git for-each-ref --format=%(refname)%00%(upstream:short)%00%(objectname)%00%(upstream:track)%00%(upstream:remotename)%00%(upstream:remoteref) refs/heads/master refs/remotes/master [1ms]
2023-11-07 00:37:49.463 [info] > git status -z -uall [18ms]
2023-11-07 00:37:54.476 [info] > git config --get commit.template [2ms]
2023-11-07 00:37:54.483 [info] > git for-each-ref --format=%(refname)%00%(upstream:short)%00%(objectname)%00%(upstream:track)%00%(upstream:remotename)%00%(upstream:remoteref) refs/heads/master refs/remotes/master [1ms]
2023-11-07 00:37:54.506 [info] > git status -z -uall [16ms]
2023-11-07 00:37:59.523 [info] > git config --get commit.template [5ms]
2023-11-07 00:37:59.523 [info] > git for-each-ref --format=%(refname)%00%(upstream:short)%00%(objectname)%00%(upstream:track)%00%(upstream:remotename)%00%(upstream:remoteref) refs/heads/master refs/remotes/master [1ms]
2023-11-07 00:37:59.541 [info] > git status -z -uall [14ms]
2023-11-07 00:38:04.559 [info] > git config --get commit.template [6ms]
2023-11-07 00:38:04.559 [info] > git for-each-ref --format=%(refname)%00%(upstream:short)%00%(objectname)%00%(upstream:track)%00%(upstream:remotename)%00%(upstream:remoteref) refs/heads/master refs/remotes/master [0ms]
2023-11-07 00:38:04.588 [info] > git status -z -uall [22ms]
2023-11-07 00:38:09.602 [info] > git config --get commit.template [1ms]
2023-11-07 00:38:09.609 [info] > git for-each-ref --format=%(refname)%00%(upstream:short)%00%(objectname)%00%(upstream:track)%00%(upstream:remotename)%00%(upstream:remoteref) refs/heads/master refs/remotes/master [2ms]
2023-11-07 00:38:09.629 [info] > git status -z -uall [15ms]
2023-11-07 00:38:14.646 [info] > git config --get commit.template [6ms]
2023-11-07 00:38:14.646 [info] > git for-each-ref --format=%(refname)%00%(upstream:short)%00%(objectname)%00%(upstream:track)%00%(upstream:remotename)%00%(upstream:remoteref) refs/heads/master refs/remotes/master [1ms]
2023-11-07 00:38:14.665 [info] > git status -z -uall [14ms]
2023-11-07 00:38:19.681 [info] > git config --get commit.template [2ms]
2023-11-07 00:38:19.691 [info] > git for-each-ref --format=%(refname)%00%(upstream:short)%00%(objectname)%00%(upstream:track)%00%(upstream:remotename)%00%(upstream:remoteref) refs/heads/master refs/remotes/master [1ms]
2023-11-07 00:38:19.717 [info] > git status -z -uall [19ms]
2023-11-07 00:38:24.749 [info] > git config --get commit.template [13ms]
2023-11-07 00:38:24.749 [info] > git for-each-ref --format=%(refname)%00%(upstream:short)%00%(objectname)%00%(upstream:track)%00%(upstream:remotename)%00%(upstream:remoteref) refs/heads/master refs/remotes/master [3ms]
2023-11-07 00:38:24.772 [info] > git status -z -uall [16ms]
2023-11-07 00:38:29.809 [info] > git config --get commit.template [12ms]
2023-11-07 00:38:29.810 [info] > git for-each-ref --format=%(refname)%00%(upstream:short)%00%(objectname)%00%(upstream:track)%00%(upstream:remotename)%00%(upstream:remoteref) refs/heads/master refs/remotes/master [2ms]
2023-11-07 00:38:29.835 [info] > git status -z -uall [17ms]
2023-11-07 00:38:35.692 [info] > git config --get commit.template [3ms]
2023-11-07 00:38:35.699 [info] > git for-each-ref --format=%(refname)%00%(upstream:short)%00%(objectname)%00%(upstream:track)%00%(upstream:remotename)%00%(upstream:remoteref) refs/heads/master refs/remotes/master [1ms]
2023-11-07 00:38:35.726 [info] > git status -z -uall [18ms]
2023-11-07 00:38:36.349 [info] > git check-ignore -v -z --stdin [4ms]
2023-11-07 00:41:43.400 [info] > git config --get commit.template [2ms]
2023-11-07 00:41:43.410 [info] > git for-each-ref --format=%(refname)%00%(upstream:short)%00%(objectname)%00%(upstream:track)%00%(upstream:remotename)%00%(upstream:remoteref) refs/heads/master refs/remotes/master [1ms]
2023-11-07 00:41:43.441 [info] > git status -z -uall [21ms]
2023-11-07 00:41:48.464 [info] > git config --get commit.template [2ms]
2023-11-07 00:41:48.471 [info] > git for-each-ref --format=%(refname)%00%(upstream:short)%00%(objectname)%00%(upstream:track)%00%(upstream:remotename)%00%(upstream:remoteref) refs/heads/master refs/remotes/master [1ms]
2023-11-07 00:41:48.498 [info] > git status -z -uall [21ms]
2023-11-07 00:41:53.523 [info] > git config --get commit.template [9ms]
2023-11-07 00:41:53.524 [info] > git for-each-ref --format=%(refname)%00%(upstream:short)%00%(objectname)%00%(upstream:track)%00%(upstream:remotename)%00%(upstream:remoteref) refs/heads/master refs/remotes/master [1ms]
2023-11-07 00:41:53.546 [info] > git status -z -uall [17ms]
2023-11-07 00:41:58.566 [info] > git config --get commit.template [7ms]
2023-11-07 00:41:58.567 [info] > git for-each-ref --format=%(refname)%00%(upstream:short)%00%(objectname)%00%(upstream:track)%00%(upstream:remotename)%00%(upstream:remoteref) refs/heads/master refs/remotes/master [1ms]
2023-11-07 00:41:58.590 [info] > git status -z -uall [18ms]
2023-11-07 00:42:03.616 [info] > git config --get commit.template [7ms]
2023-11-07 00:42:03.616 [info] > git for-each-ref --format=%(refname)%00%(upstream:short)%00%(objectname)%00%(upstream:track)%00%(upstream:remotename)%00%(upstream:remoteref) refs/heads/master refs/remotes/master [1ms]
2023-11-07 00:42:03.641 [info] > git status -z -uall [16ms]
2023-11-07 00:42:08.662 [info] > git config --get commit.template [3ms]
2023-11-07 00:42:08.670 [info] > git for-each-ref --format=%(refname)%00%(upstream:short)%00%(objectname)%00%(upstream:track)%00%(upstream:remotename)%00%(upstream:remoteref) refs/heads/master refs/remotes/master [1ms]
2023-11-07 00:42:08.690 [info] > git status -z -uall [15ms]
2023-11-07 00:42:13.708 [info] > git config --get commit.template [7ms]
2023-11-07 00:42:13.708 [info] > git for-each-ref --format=%(refname)%00%(upstream:short)%00%(objectname)%00%(upstream:track)%00%(upstream:remotename)%00%(upstream:remoteref) refs/heads/master refs/remotes/master [1ms]
2023-11-07 00:42:13.731 [info] > git status -z -uall [17ms]
2023-11-07 00:42:18.749 [info] > git config --get commit.template [1ms]
2023-11-07 00:42:18.759 [info] > git for-each-ref --format=%(refname)%00%(upstream:short)%00%(objectname)%00%(upstream:track)%00%(upstream:remotename)%00%(upstream:remoteref) refs/heads/master refs/remotes/master [2ms]
2023-11-07 00:42:18.784 [info] > git status -z -uall [18ms]
2023-11-07 00:42:23.826 [info] > git config --get commit.template [16ms]
2023-11-07 00:42:23.828 [info] > git for-each-ref --format=%(refname)%00%(upstream:short)%00%(objectname)%00%(upstream:track)%00%(upstream:remotename)%00%(upstream:remoteref) refs/heads/master refs/remotes/master [2ms]
2023-11-07 00:42:23.857 [info] > git status -z -uall [21ms]
2023-11-07 00:42:24.505 [info] > git check-ignore -v -z --stdin [5ms]
2023-11-07 00:42:28.887 [info] > git config --get commit.template [10ms]
2023-11-07 00:42:28.888 [info] > git for-each-ref --format=%(refname)%00%(upstream:short)%00%(objectname)%00%(upstream:track)%00%(upstream:remotename)%00%(upstream:remoteref) refs/heads/master refs/remotes/master [0ms]
2023-11-07 00:42:28.909 [info] > git status -z -uall [16ms]
2023-11-07 00:42:33.941 [info] > git config --get commit.template [9ms]
2023-11-07 00:42:33.941 [info] > git for-each-ref --format=%(refname)%00%(upstream:short)%00%(objectname)%00%(upstream:track)%00%(upstream:remotename)%00%(upstream:remoteref) refs/heads/master refs/remotes/master [1ms]
2023-11-07 00:42:33.967 [info] > git status -z -uall [19ms]
2023-11-07 00:42:39.001 [info] > git config --get commit.template [10ms]
2023-11-07 00:42:39.001 [info] > git for-each-ref --format=%(refname)%00%(upstream:short)%00%(objectname)%00%(upstream:track)%00%(upstream:remotename)%00%(upstream:remoteref) refs/heads/master refs/remotes/master [1ms]
2023-11-07 00:42:39.026 [info] > git status -z -uall [17ms]
2023-11-07 00:42:44.057 [info] > git config --get commit.template [5ms]
2023-11-07 00:42:44.067 [info] > git for-each-ref --format=%(refname)%00%(upstream:short)%00%(objectname)%00%(upstream:track)%00%(upstream:remotename)%00%(upstream:remoteref) refs/heads/master refs/remotes/master [1ms]
2023-11-07 00:42:44.091 [info] > git status -z -uall [18ms]
2023-11-07 00:45:03.145 [info] > git config --get commit.template [1ms]
2023-11-07 00:45:03.154 [info] > git for-each-ref --format=%(refname)%00%(upstream:short)%00%(objectname)%00%(upstream:track)%00%(upstream:remotename)%00%(upstream:remoteref) refs/heads/master refs/remotes/master [1ms]
2023-11-07 00:45:03.182 [info] > git status -z -uall [19ms]
2023-11-07 00:45:20.188 [info] > git config --get commit.template [11ms]
2023-11-07 00:45:20.188 [info] > git for-each-ref --format=%(refname)%00%(upstream:short)%00%(objectname)%00%(upstream:track)%00%(upstream:remotename)%00%(upstream:remoteref) refs/heads/master refs/remotes/master [1ms]
2023-11-07 00:45:20.216 [info] > git status -z -uall [21ms]
2023-11-07 00:45:31.895 [info] > git config --get commit.template [1ms]
2023-11-07 00:45:31.906 [info] > git for-each-ref --format=%(refname)%00%(upstream:short)%00%(objectname)%00%(upstream:track)%00%(upstream:remotename)%00%(upstream:remoteref) refs/heads/master refs/remotes/master [0ms]
2023-11-07 00:45:31.932 [info] > git status -z -uall [19ms]
2023-11-07 00:45:32.426 [info] > git show --textconv :filestack/script.js [17ms]
2023-11-07 00:45:32.428 [info] > git ls-files --stage -- /home/btsalwa/filestack/script.js [6ms]
2023-11-07 00:45:32.644 [info] > git check-ignore -v -z --stdin [2ms]
2023-11-07 00:45:36.955 [info] > git config --get commit.template [2ms]
2023-11-07 00:45:36.964 [info] > git for-each-ref --format=%(refname)%00%(upstream:short)%00%(objectname)%00%(upstream:track)%00%(upstream:remotename)%00%(upstream:remoteref) refs/heads/master refs/remotes/master [2ms]
2023-11-07 00:45:36.987 [info] > git status -z -uall [17ms]
2023-11-07 00:45:40.081 [info] > git show --textconv :filestack/index.js [6ms]
2023-11-07 00:45:40.082 [info] > git ls-files --stage -- /home/btsalwa/filestack/index.js [2ms]
2023-11-07 00:45:40.088 [info] > git cat-file -s d295dac1e4282a2b7c409c2e5be43d3a9f93cd4a [0ms]
2023-11-07 00:45:42.010 [info] > git config --get commit.template [2ms]
2023-11-07 00:45:42.019 [info] > git for-each-ref --format=%(refname)%00%(upstream:short)%00%(objectname)%00%(upstream:track)%00%(upstream:remotename)%00%(upstream:remoteref) refs/heads/master refs/remotes/master [1ms]
2023-11-07 00:45:42.041 [info] > git status -z -uall [16ms]
2023-11-07 00:45:46.938 [info] > git show --textconv :filestack/script.js [9ms]
2023-11-07 00:45:46.940 [info] > git ls-files --stage -- /home/btsalwa/filestack/script.js [3ms]
2023-11-07 00:45:47.058 [info] > git config --get commit.template [2ms]
2023-11-07 00:45:47.071 [info] > git for-each-ref --format=%(refname)%00%(upstream:short)%00%(objectname)%00%(upstream:track)%00%(upstream:remotename)%00%(upstream:remoteref) refs/heads/master refs/remotes/master [2ms]
2023-11-07 00:45:47.112 [info] > git status -z -uall [29ms]
2023-11-07 00:46:25.600 [info] > git config --get commit.template [1ms]
2023-11-07 00:46:25.608 [info] > git for-each-ref --format=%(refname)%00%(upstream:short)%00%(objectname)%00%(upstream:track)%00%(upstream:remotename)%00%(upstream:remoteref) refs/heads/master refs/remotes/master [1ms]
2023-11-07 00:46:25.634 [info] > git status -z -uall [19ms]
2023-11-07 00:46:28.967 [info] > git check-ignore -v -z --stdin [9ms]
2023-11-07 00:46:30.659 [info] > git config --get commit.template [2ms]
2023-11-07 00:46:30.671 [info] > git for-each-ref --format=%(refname)%00%(upstream:short)%00%(objectname)%00%(upstream:track)%00%(upstream:remotename)%00%(upstream:remoteref) refs/heads/master refs/remotes/master [2ms]
2023-11-07 00:46:30.691 [info] > git status -z -uall [15ms]
2023-11-07 00:46:35.707 [info] > git config --get commit.template [6ms]
2023-11-07 00:46:35.707 [info] > git for-each-ref --format=%(refname)%00%(upstream:short)%00%(objectname)%00%(upstream:track)%00%(upstream:remotename)%00%(upstream:remoteref) refs/heads/master refs/remotes/master [1ms]
2023-11-07 00:46:35.726 [info] > git status -z -uall [14ms]
2023-11-07 00:46:40.736 [info] > git config --get commit.template [1ms]
2023-11-07 00:46:40.742 [info] > git for-each-ref --format=%(refname)%00%(upstream:short)%00%(objectname)%00%(upstream:track)%00%(upstream:remotename)%00%(upstream:remoteref) refs/heads/master refs/remotes/master [1ms]
2023-11-07 00:46:40.762 [info] > git status -z -uall [15ms]
2023-11-07 00:46:45.787 [info] > git config --get commit.template [9ms]
2023-11-07 00:46:45.787 [info] > git for-each-ref --format=%(refname)%00%(upstream:short)%00%(objectname)%00%(upstream:track)%00%(upstream:remotename)%00%(upstream:remoteref) refs/heads/master refs/remotes/master [1ms]
2023-11-07 00:46:45.810 [info] > git status -z -uall [17ms]
2023-11-07 00:46:50.828 [info] > git config --get commit.template [9ms]
2023-11-07 00:46:50.829 [info] > git for-each-ref --format=%(refname)%00%(upstream:short)%00%(objectname)%00%(upstream:track)%00%(upstream:remotename)%00%(upstream:remoteref) refs/heads/master refs/remotes/master [1ms]
2023-11-07 00:46:50.858 [info] > git status -z -uall [23ms]
2023-11-07 00:46:55.887 [info] > git config --get commit.template [10ms]
2023-11-07 00:46:55.887 [info] > git for-each-ref --format=%(refname)%00%(upstream:short)%00%(objectname)%00%(upstream:track)%00%(upstream:remotename)%00%(upstream:remoteref) refs/heads/master refs/remotes/master [1ms]
2023-11-07 00:46:55.911 [info] > git status -z -uall [16ms]
2023-11-07 00:47:00.940 [info] > git config --get commit.template [5ms]
2023-11-07 00:47:00.952 [info] > git for-each-ref --format=%(refname)%00%(upstream:short)%00%(objectname)%00%(upstream:track)%00%(upstream:remotename)%00%(upstream:remoteref) refs/heads/master refs/remotes/master [2ms]
2023-11-07 00:47:00.977 [info] > git status -z -uall [18ms]
2023-11-07 00:47:06.007 [info] > git config --get commit.template [11ms]
2023-11-07 00:47:06.009 [info] > git for-each-ref --format=%(refname)%00%(upstream:short)%00%(objectname)%00%(upstream:track)%00%(upstream:remotename)%00%(upstream:remoteref) refs/heads/master refs/remotes/master [1ms]
2023-11-07 00:47:06.033 [info] > git status -z -uall [17ms]
2023-11-07 00:47:11.060 [info] > git config --get commit.template [2ms]
2023-11-07 00:47:11.070 [info] > git for-each-ref --format=%(refname)%00%(upstream:short)%00%(objectname)%00%(upstream:track)%00%(upstream:remotename)%00%(upstream:remoteref) refs/heads/master refs/remotes/master [1ms]
2023-11-07 00:47:11.095 [info] > git status -z -uall [19ms]
