2023-11-07 01:37:07.316 [info] Log level: Info
2023-11-07 01:37:07.316 [info] Validating found git in: "git"
2023-11-07 01:37:07.316 [info] Using git "2.34.1" from "git"
2023-11-07 01:37:07.316 [info] > git rev-parse --show-toplevel [7ms]
2023-11-07 01:37:07.316 [info] > git rev-parse --git-dir --git-common-dir [4ms]
2023-11-07 01:37:07.316 [info] Open repository: /home/btsalwa/filestack2
2023-11-07 01:37:07.336 [info] > git rev-parse --show-toplevel [3ms]
2023-11-07 01:37:07.342 [info] > git config --get commit.template [19ms]
2023-11-07 01:37:07.352 [info] > git for-each-ref --format=%(refname)%00%(upstream:short)%00%(objectname)%00%(upstream:track)%00%(upstream:remotename)%00%(upstream:remoteref) refs/heads/main refs/remotes/main [3ms]
2023-11-07 01:37:07.364 [info] > git status -z -uall [4ms]
2023-11-07 01:37:07.536 [info] > git config --get commit.template [158ms]
2023-11-07 01:37:07.549 [info] > git for-each-ref --format=%(refname)%00%(upstream:short)%00%(objectname)%00%(upstream:track)%00%(upstream:remotename)%00%(upstream:remoteref) refs/heads/main refs/remotes/main [5ms]
2023-11-07 01:37:07.559 [info] > git status -z -uall [3ms]
2023-11-07 01:37:08.096 [info] > git check-ignore -v -z --stdin [11ms]
2023-11-07 01:37:29.041 [info] > git show --textconv :index.html [6ms]
2023-11-07 01:37:29.042 [info] > git ls-files --stage -- /home/btsalwa/filestack2/index.html [2ms]
2023-11-07 01:37:29.047 [info] > git cat-file -s d3f3312c935cb8ffbbb08a6536eb912b62001d7c [0ms]
2023-11-07 01:37:57.642 [info] > git show --textconv :package-lock.json [4ms]
2023-11-07 01:37:57.643 [info] > git ls-files --stage -- /home/btsalwa/filestack2/package-lock.json [1ms]
2023-11-07 01:37:57.652 [info] > git cat-file -s f7b3c376db54f0fb33bd8000dac5d0211d077068 [3ms]
2023-11-07 01:38:11.418 [info] > git show --textconv :index.html [5ms]
2023-11-07 01:38:11.419 [info] > git ls-files --stage -- /home/btsalwa/filestack2/index.html [2ms]
2023-11-07 01:38:11.425 [info] > git cat-file -s d3f3312c935cb8ffbbb08a6536eb912b62001d7c [2ms]
2023-11-07 01:38:12.614 [info] > git show --textconv :data.json [5ms]
2023-11-07 01:38:12.615 [info] > git ls-files --stage -- /home/btsalwa/filestack2/data.json [2ms]
2023-11-07 01:38:12.619 [info] > git cat-file -s e324d79c13de320013f02db9c52886c0f0388ac7 [1ms]
2023-11-07 01:38:17.714 [info] > git show --textconv :README.md [13ms]
2023-11-07 01:38:17.714 [info] > git ls-files --stage -- /home/btsalwa/filestack2/README.md [10ms]
2023-11-07 01:38:17.718 [info] > git cat-file -s a3090a98cd36d3038d7668d1afa95a4ed527d174 [1ms]
2023-11-07 01:38:19.096 [info] > git show --textconv :script.js [69ms]
2023-11-07 01:38:19.096 [info] > git ls-files --stage -- /home/btsalwa/filestack2/script.js [62ms]
2023-11-07 01:38:19.113 [info] > git cat-file -s 9f37745521ee08f44e8e9db33cd476587ca8fc45 [9ms]
2023-11-07 01:38:20.145 [info] > git show --textconv :README.md [5ms]
2023-11-07 01:38:20.145 [info] > git ls-files --stage -- /home/btsalwa/filestack2/README.md [1ms]
2023-11-07 01:38:20.150 [info] > git cat-file -s a3090a98cd36d3038d7668d1afa95a4ed527d174 [1ms]
2023-11-07 01:38:30.506 [info] > git config --get commit.template [6ms]
2023-11-07 01:38:30.506 [info] > git for-each-ref --format=%(refname)%00%(upstream:short)%00%(objectname)%00%(upstream:track)%00%(upstream:remotename)%00%(upstream:remoteref) refs/heads/main refs/remotes/main [1ms]
2023-11-07 01:38:30.512 [info] > git status -z -uall [2ms]
2023-11-07 01:38:48.645 [info] > git check-ignore -v -z --stdin [3ms]
2023-11-07 01:38:50.612 [info] > git show --textconv :node_modules/.package-lock.json [5ms]
2023-11-07 01:38:50.613 [info] > git ls-files --stage -- /home/btsalwa/filestack2/node_modules/.package-lock.json [2ms]
2023-11-07 01:38:50.618 [info] > git cat-file -s af8688aed5663f8af7fb600f894237d29d963bdf [1ms]
2023-11-07 01:42:24.036 [info] > git config --get commit.template [7ms]
2023-11-07 01:42:24.037 [info] > git for-each-ref --format=%(refname)%00%(upstream:short)%00%(objectname)%00%(upstream:track)%00%(upstream:remotename)%00%(upstream:remoteref) refs/heads/main refs/remotes/main [4ms]
2023-11-07 01:42:24.044 [info] > git status -z -uall [2ms]
2023-11-07 01:43:21.561 [info] > git config --get commit.template [1ms]
2023-11-07 01:43:21.567 [info] > git for-each-ref --format=%(refname)%00%(upstream:short)%00%(objectname)%00%(upstream:track)%00%(upstream:remotename)%00%(upstream:remoteref) refs/heads/main refs/remotes/main [1ms]
2023-11-07 01:43:21.576 [info] > git status -z -uall [4ms]
2023-11-07 01:43:22.390 [info] > git check-ignore -v -z --stdin [0ms]
2023-11-07 01:43:36.187 [info] > git config --get commit.template [7ms]
2023-11-07 01:43:36.188 [info] > git for-each-ref --format=%(refname)%00%(upstream:short)%00%(objectname)%00%(upstream:track)%00%(upstream:remotename)%00%(upstream:remoteref) refs/heads/main refs/remotes/main [2ms]
2023-11-07 01:43:36.218 [info] > git status -z -uall [23ms]
2023-11-07 01:43:38.057 [info] > git check-ignore -v -z --stdin [1ms]
2023-11-07 01:43:42.456 [info] > git config --get commit.template [9ms]
2023-11-07 01:43:42.457 [info] > git for-each-ref --format=%(refname)%00%(upstream:short)%00%(objectname)%00%(upstream:track)%00%(upstream:remotename)%00%(upstream:remoteref) refs/heads/main refs/remotes/main [2ms]
2023-11-07 01:43:42.482 [info] > git status -z -uall [19ms]
2023-11-07 01:44:25.230 [info] > git add -A -- . [2765ms]
2023-11-07 01:44:25.312 [info] > git -c user.useConfigOnly=true commit --quiet --allow-empty-message --file - [78ms]
2023-11-07 01:44:25.318 [info] > git config --get commit.template [1ms]
2023-11-07 01:44:25.328 [info] > git config --get commit.template [2ms]
2023-11-07 01:44:25.334 [info] > git for-each-ref --format=%(refname)%00%(upstream:short)%00%(objectname)%00%(upstream:track)%00%(upstream:remotename)%00%(upstream:remoteref) refs/heads/main refs/remotes/main [0ms]
2023-11-07 01:44:25.352 [info] > git status -z -uall [13ms]
2023-11-07 01:44:26.531 [info] > git config --get commit.template [1ms]
2023-11-07 01:44:26.542 [info] > git for-each-ref --format=%(refname)%00%(upstream:short)%00%(objectname)%00%(upstream:track)%00%(upstream:remotename)%00%(upstream:remoteref) refs/heads/main refs/remotes/main [2ms]
2023-11-07 01:44:26.567 [info] > git status -z -uall [17ms]
2023-11-07 01:44:26.648 [info] > git ls-files --stage -- /home/btsalwa/filestack2/node_modules/.package-lock.json [5ms]
2023-11-07 01:44:26.655 [info] > git cat-file -s a998e0f3c04d38f659f5704e4fb28da2ec2faf38 [1ms]
2023-11-07 01:44:26.679 [info] > git show --textconv :node_modules/.package-lock.json [4ms]
2023-11-07 01:44:27.634 [info] > git ls-files --stage -- /home/btsalwa/filestack2/node_modules/.package-lock.json [3ms]
2023-11-07 01:44:27.642 [info] > git cat-file -s a998e0f3c04d38f659f5704e4fb28da2ec2faf38 [1ms]
2023-11-07 01:44:27.655 [info] > git show --textconv :node_modules/.package-lock.json [3ms]
2023-11-07 01:44:38.787 [info] > git check-ignore -v -z --stdin [11ms]
2023-11-07 01:44:47.242 [info] > git show --textconv :script.js [7ms]
2023-11-07 01:44:47.244 [info] > git ls-files --stage -- /home/btsalwa/filestack2/script.js [3ms]
2023-11-07 01:44:47.251 [info] > git cat-file -s 9f37745521ee08f44e8e9db33cd476587ca8fc45 [1ms]
2023-11-07 02:05:00.343 [info] > git show --textconv :index.html [6ms]
2023-11-07 02:05:00.345 [info] > git ls-files --stage -- /home/btsalwa/filestack2/index.html [2ms]
2023-11-07 02:05:00.351 [info] > git cat-file -s d3f3312c935cb8ffbbb08a6536eb912b62001d7c [2ms]
