0 verbose cli [ '/usr/bin/node', '/usr/bin/npm', 'install', 'crypto' ]
1 info using npm@8.5.1
2 info using node@v12.22.9
3 timing npm:load:whichnode Completed in 0ms
4 timing config:load:defaults Completed in 1ms
5 timing config:load:file:/usr/share/nodejs/npm/npmrc Completed in 3ms
6 timing config:load:builtin Completed in 3ms
7 timing config:load:cli Completed in 1ms
8 timing config:load:env Completed in 0ms
9 timing config:load:file:/home/btsalwa/filestack/.npmrc Completed in 1ms
10 timing config:load:project Completed in 3ms
11 timing config:load:file:/home/btsalwa/.npmrc Completed in 0ms
12 timing config:load:user Completed in 0ms
13 timing config:load:file:/etc/npmrc Completed in 0ms
14 timing config:load:global Completed in 0ms
15 timing config:load:validate Completed in 1ms
16 timing config:load:credentials Completed in 0ms
17 timing config:load:setEnvs Completed in 1ms
18 timing config:load Completed in 10ms
19 timing npm:load:configload Completed in 11ms
20 timing npm:load:setTitle Completed in 0ms
21 timing config:load:flatten Completed in 2ms
22 timing npm:load:display Completed in 5ms
23 verbose logfile /home/btsalwa/.npm/_logs/2023-11-06T22_45_32_095Z-debug-0.log
24 timing npm:load:logFile Completed in 4ms
25 timing npm:load:timers Completed in 0ms
26 timing npm:load:configScope Completed in 0ms
27 timing npm:load Completed in 20ms
28 timing arborist:ctor Completed in 1ms
29 timing idealTree:init Completed in 15ms
30 timing idealTree:userRequests Completed in 2ms
31 silly idealTree buildDeps
32 silly fetch manifest crypto@*
33 timing arborist:ctor Completed in 0ms
34 http fetch GET 200 https://registry.npmjs.org/crypto 5664ms (cache miss)
35 silly placeDep ROOT crypto@1.0.1 OK for:  want: *
36 timing idealTree:#root Completed in 5672ms
37 timing idealTree:node_modules/crypto Completed in 0ms
38 timing idealTree:buildDeps Completed in 5674ms
39 timing idealTree:fixDepFlags Completed in 0ms
40 timing idealTree Completed in 5693ms
41 timing reify:loadTrees Completed in 5694ms
42 timing reify:diffTrees Completed in 2ms
43 silly reify moves {}
44 timing reify:retireShallow Completed in 1ms
45 timing reify:createSparse Completed in 2ms
46 timing reify:loadBundles Completed in 0ms
47 silly audit bulk request { firestack: [ '0.0.1' ], crypto: [ '1.0.1' ] }
48 silly tarball no local data for crypto@https://registry.npmjs.org/crypto/-/crypto-1.0.1.tgz. Extracting by manifest.
49 http fetch GET 200 https://registry.npmjs.org/crypto/-/crypto-1.0.1.tgz 115ms (cache miss)
50 warn deprecated crypto@1.0.1: This package is no longer supported. It's now a built-in Node module. If you've depended on crypto, you should switch to the one that's built-in.
51 timing reifyNode:node_modules/crypto Completed in 125ms
52 timing reify:unpack Completed in 126ms
53 timing reify:unretire Completed in 0ms
54 timing build:queue Completed in 0ms
55 timing build:deps Completed in 1ms
56 timing build Completed in 1ms
57 timing reify:build Completed in 2ms
58 timing reify:trash Completed in 0ms
59 timing reify:save Completed in 9ms
60 http fetch POST 200 https://registry.npmjs.org/-/npm/v1/security/advisories/bulk 540ms
61 timing auditReport:getReport Completed in 542ms
62 silly audit report {}
63 timing auditReport:init Completed in 0ms
64 timing reify:audit Completed in 544ms
65 timing reify Completed in 6259ms
66 silly ADD node_modules/crypto
67 timing command:install Completed in 6269ms
68 verbose exit 0
69 timing npm Completed in 6438ms
70 info ok
