2023-11-07 00:14:45.942 [info] Extension host with pid 613 started
2023-11-07 00:14:45.969 [info] Lock '/home/btsalwa/.vscode-server/data/User/workspaceStorage/4a6a1ab15c1773d41c7bf8db07f1b942/vscode.lock': Lock acquired.
2023-11-07 00:14:46.381 [info] ExtensionService#_doActivateExtension vscode.emmet, startup: false, activationEvent: 'onLanguage'
2023-11-07 00:14:46.382 [info] ExtensionService#_doActivateExtension vscode.css-language-features, startup: false, activationEvent: 'onLanguage:css'
2023-11-07 00:14:46.382 [info] ExtensionService#_doActivateExtension vscode.html-language-features, startup: false, activationEvent: 'onLanguage:html'
2023-11-07 00:14:46.383 [info] ExtensionService#_doActivateExtension vscode.typescript-language-features, startup: false, activationEvent: 'onLanguage:javascript'
2023-11-07 00:14:47.623 [info] ExtensionService#_doActivateExtension vscode.git-base, startup: true, activationEvent: '*', root cause: vscode.git
2023-11-07 00:14:47.690 [info] ExtensionService#_doActivateExtension vscode.git, startup: true, activationEvent: '*'
2023-11-07 00:14:47.690 [info] ExtensionService#_doActivateExtension vscode.github, startup: true, activationEvent: '*'
2023-11-07 00:14:48.300 [info] Eager extensions activated
2023-11-07 00:14:48.300 [info] ExtensionService#_doActivateExtension vscode.debug-auto-launch, startup: false, activationEvent: 'onStartupFinished'
2023-11-07 00:14:48.301 [info] ExtensionService#_doActivateExtension vscode.merge-conflict, startup: false, activationEvent: 'onStartupFinished'
2023-11-07 00:14:48.989 [warning] [Decorations] CAPPING events from decorations provider vscode.git 1137
2023-11-07 00:14:49.583 [warning] [Decorations] CAPPING events from decorations provider vscode.git 1138
2023-11-07 00:14:52.573 [warning] [Decorations] CAPPING events from decorations provider vscode.git 1139
2023-11-07 00:14:57.623 [warning] [Decorations] CAPPING events from decorations provider vscode.git 1139
2023-11-07 00:15:02.664 [warning] [Decorations] CAPPING events from decorations provider vscode.git 1139
2023-11-07 00:15:07.728 [warning] [Decorations] CAPPING events from decorations provider vscode.git 1139
2023-11-07 00:15:12.802 [warning] [Decorations] CAPPING events from decorations provider vscode.git 1139
2023-11-07 00:15:17.869 [warning] [Decorations] CAPPING events from decorations provider vscode.git 1139
2023-11-07 00:15:23.633 [warning] [Decorations] CAPPING events from decorations provider vscode.git 1139
2023-11-07 00:15:28.692 [warning] [Decorations] CAPPING events from decorations provider vscode.git 1139
2023-11-07 00:15:33.766 [warning] [Decorations] CAPPING events from decorations provider vscode.git 1139
2023-11-07 00:16:01.604 [warning] [Decorations] CAPPING events from decorations provider vscode.git 1139
2023-11-07 00:16:06.652 [warning] [Decorations] CAPPING events from decorations provider vscode.git 1139
2023-11-07 00:16:11.708 [warning] [Decorations] CAPPING events from decorations provider vscode.git 1139
2023-11-07 00:16:16.778 [warning] [Decorations] CAPPING events from decorations provider vscode.git 1139
2023-11-07 00:16:21.845 [warning] [Decorations] CAPPING events from decorations provider vscode.git 1139
2023-11-07 00:16:26.916 [warning] [Decorations] CAPPING events from decorations provider vscode.git 1139
2023-11-07 00:16:31.989 [warning] [Decorations] CAPPING events from decorations provider vscode.git 1139
2023-11-07 00:16:38.650 [warning] [Decorations] CAPPING events from decorations provider vscode.git 1139
2023-11-07 00:16:43.723 [warning] [Decorations] CAPPING events from decorations provider vscode.git 1139
2023-11-07 00:16:48.793 [warning] [Decorations] CAPPING events from decorations provider vscode.git 1142
2023-11-07 00:16:53.851 [warning] [Decorations] CAPPING events from decorations provider vscode.git 1142
2023-11-07 00:16:59.675 [warning] [Decorations] CAPPING events from decorations provider vscode.git 1145
2023-11-07 00:17:26.292 [warning] [Decorations] CAPPING events from decorations provider vscode.git 1145
2023-11-07 00:17:31.357 [warning] [Decorations] CAPPING events from decorations provider vscode.git 1145
2023-11-07 00:17:41.718 [warning] [Decorations] CAPPING events from decorations provider vscode.git 1148
2023-11-07 00:17:46.793 [warning] [Decorations] CAPPING events from decorations provider vscode.git 1148
2023-11-07 00:17:50.784 [warning] [Decorations] CAPPING events from decorations provider vscode.git 1148
2023-11-07 00:21:55.517 [warning] [Decorations] CAPPING events from decorations provider vscode.git 1518
2023-11-07 00:21:58.827 [info] ExtensionService#_doActivateExtension ritwickdey.LiveServer, startup: false, activationEvent: 'onStartupFinished'
2023-11-07 00:22:00.968 [warning] [Decorations] CAPPING events from decorations provider vscode.git 6421
2023-11-07 00:22:06.080 [warning] [Decorations] CAPPING events from decorations provider vscode.git 4906
2023-11-07 00:22:11.195 [warning] [Decorations] CAPPING events from decorations provider vscode.git 4906
2023-11-07 00:22:16.290 [warning] [Decorations] CAPPING events from decorations provider vscode.git 4906
2023-11-07 00:22:18.689 [warning] [Decorations] CAPPING events from decorations provider vscode.git 4906
2023-11-07 00:22:32.950 [info] ExtensionService#_doActivateExtension WakaTime.vscode-wakatime, startup: false, activationEvent: '*'
2023-11-07 00:23:51.629 [info] ExtensionService#_doActivateExtension vscode.tunnel-forwarding, startup: false, activationEvent: 'onTunnel'
2023-11-07 00:42:22.794 [info] ExtensionService#_doActivateExtension vscode.npm, startup: false, activationEvent: 'onTerminalQuickFixRequest:ms-vscode.npm-command'
